# JRE version: OpenJDK Runtime Environment (8.0_76-b03) (build 1.8.0_76-release-b03)
# Java VM: OpenJDK 64-Bit Server VM (25.76-b03 mixed mode linux-amd64 compressed oops)
Heap:
 PSYoungGen      total 366080K, used 22622K [0x00000000e0000000, 0x0000000100000000, 0x0000000100000000)
  eden space 257024K, 0% used [0x00000000e0000000,0x00000000e0000000,0x00000000efb00000)
  from space 109056K, 20% used [0x00000000f9580000,0x00000000fab978a0,0x0000000100000000)
  to   space 133632K, 0% used [0x00000000efb00000,0x00000000efb00000,0x00000000f7d80000)
 ParOldGen       total 396288K, used 395870K [0x00000000a0000000, 0x00000000b8300000, 0x00000000e0000000)
  object space 396288K, 99% used [0x00000000a0000000,0x00000000b82979e0,0x00000000b8300000)
 Metaspace       used 92130K, capacity 95092K, committed 95488K, reserved 1132544K
  class space    used 11329K, capacity 11908K, committed 12032K, reserved 1048576K
GC Heap History (10 events):
Event: 218.271 GC heap after
Heap after GC invocations=37 (full 6):
 PSYoungGen      total 414720K, used 25353K [0x00000000e0000000, 0x0000000100000000, 0x0000000100000000)
  eden space 311296K, 0% used [0x00000000e0000000,0x00000000e0000000,0x00000000f3000000)
  from space 103424K, 24% used [0x00000000f3000000,0x00000000f48c2670,0x00000000f9500000)
  to   space 97280K, 0% used [0x00000000fa100000,0x00000000fa100000,0x0000000100000000)
 ParOldGen       total 379904K, used 295023K [0x00000000a0000000, 0x00000000b7300000, 0x00000000e0000000)
  object space 379904K, 77% used [0x00000000a0000000,0x00000000b201be48,0x00000000b7300000)
 Metaspace       used 82930K, capacity 85474K, committed 85632K, reserved 1124352K
  class space    used 10253K, capacity 10755K, committed 10880K, reserved 1048576K
}
Event: 218.271 GC heap before
{Heap before GC invocations=38 (full 7):
 PSYoungGen      total 414720K, used 25353K [0x00000000e0000000, 0x0000000100000000, 0x0000000100000000)
  eden space 311296K, 0% used [0x00000000e0000000,0x00000000e0000000,0x00000000f3000000)
  from space 103424K, 24% used [0x00000000f3000000,0x00000000f48c2670,0x00000000f9500000)
  to   space 97280K, 0% used [0x00000000fa100000,0x00000000fa100000,0x0000000100000000)
 ParOldGen       total 379904K, used 295023K [0x00000000a0000000, 0x00000000b7300000, 0x00000000e0000000)
  object space 379904K, 77% used [0x00000000a0000000,0x00000000b201be48,0x00000000b7300000)
 Metaspace       used 82930K, capacity 85474K, committed 85632K, reserved 1124352K
  class space    used 10253K, capacity 10755K, committed 10880K, reserved 1048576K
Event: 218.813 GC heap after
Heap after GC invocations=38 (full 7):
 PSYoungGen      total 414720K, used 0K [0x00000000e0000000, 0x0000000100000000, 0x0000000100000000)
  eden space 311296K, 0% used [0x00000000e0000000,0x00000000e0000000,0x00000000f3000000)
  from space 103424K, 0% used [0x00000000f3000000,0x00000000f3000000,0x00000000f9500000)
  to   space 97280K, 0% used [0x00000000fa100000,0x00000000fa100000,0x0000000100000000)
 ParOldGen       total 379904K, used 262283K [0x00000000a0000000, 0x00000000b7300000, 0x00000000e0000000)
  object space 379904K, 69% used [0x00000000a0000000,0x00000000b0022ec0,0x00000000b7300000)
 Metaspace       used 82930K, capacity 85474K, committed 85632K, reserved 1124352K
  class space    used 10253K, capacity 10755K, committed 10880K, reserved 1048576K
}
Event: 235.353 GC heap before
{Heap before GC invocations=39 (full 7):
 PSYoungGen      total 414720K, used 311296K [0x00000000e0000000, 0x0000000100000000, 0x0000000100000000)
  eden space 311296K, 100% used [0x00000000e0000000,0x00000000f3000000,0x00000000f3000000)
  from space 103424K, 0% used [0x00000000f3000000,0x00000000f3000000,0x00000000f9500000)
  to   space 97280K, 0% used [0x00000000fa100000,0x00000000fa100000,0x0000000100000000)
 ParOldGen       total 379904K, used 262283K [0x00000000a0000000, 0x00000000b7300000, 0x00000000e0000000)
  object space 379904K, 69% used [0x00000000a0000000,0x00000000b0022ec0,0x00000000b7300000)
 Metaspace       used 87166K, capacity 89790K, committed 89856K, reserved 1128448K
  class space    used 10751K, capacity 11263K, committed 11264K, reserved 1048576K
Event: 235.400 GC heap after
Heap after GC invocations=39 (full 7):
 PSYoungGen      total 403456K, used 81058K [0x00000000e0000000, 0x0000000100000000, 0x0000000100000000)
  eden space 306176K, 0% used [0x00000000e0000000,0x00000000e0000000,0x00000000f2b00000)
  from space 97280K, 83% used [0x00000000fa100000,0x00000000ff028990,0x0000000100000000)
  to   space 109056K, 0% used [0x00000000f2b00000,0x00000000f2b00000,0x00000000f9580000)
 ParOldGen       total 379904K, used 262291K [0x00000000a0000000, 0x00000000b7300000, 0x00000000e0000000)
  object space 379904K, 69% used [0x00000000a0000000,0x00000000b0024ec0,0x00000000b7300000)
 Metaspace       used 87166K, capacity 89790K, committed 89856K, reserved 1128448K
  class space    used 10751K, capacity 11263K, committed 11264K, reserved 1048576K
}
Event: 250.529 GC heap before
{Heap before GC invocations=40 (full 7):
 PSYoungGen      total 403456K, used 387234K [0x00000000e0000000, 0x0000000100000000, 0x0000000100000000)
  eden space 306176K, 100% used [0x00000000e0000000,0x00000000f2b00000,0x00000000f2b00000)
  from space 97280K, 83% used [0x00000000fa100000,0x00000000ff028990,0x0000000100000000)
  to   space 109056K, 0% used [0x00000000f2b00000,0x00000000f2b00000,0x00000000f9580000)
 ParOldGen       total 379904K, used 262291K [0x00000000a0000000, 0x00000000b7300000, 0x00000000e0000000)
  object space 379904K, 69% used [0x00000000a0000000,0x00000000b0024ec0,0x00000000b7300000)
 Metaspace       used 91601K, capacity 94582K, committed 94848K, reserved 1132544K
  class space    used 11290K, capacity 11887K, committed 11904K, reserved 1048576K
Event: 250.598 GC heap after
Heap after GC invocations=40 (full 7):
 PSYoungGen      total 415232K, used 109031K [0x00000000e0000000, 0x0000000100000000, 0x0000000100000000)
  eden space 306176K, 0% used [0x00000000e0000000,0x00000000e0000000,0x00000000f2b00000)
  from space 109056K, 99% used [0x00000000f2b00000,0x00000000f9579db8,0x00000000f9580000)
  to   space 109056K, 0% used [0x00000000f9580000,0x00000000f9580000,0x0000000100000000)
 ParOldGen       total 379904K, used 290882K [0x00000000a0000000, 0x00000000b7300000, 0x00000000e0000000)
  object space 379904K, 76% used [0x00000000a0000000,0x00000000b1c10b50,0x00000000b7300000)
 Metaspace       used 91601K, capacity 94582K, committed 94848K, reserved 1132544K
  class space    used 11290K, capacity 11887K, committed 11904K, reserved 1048576K
}
Event: 253.462 GC heap before
{Heap before GC invocations=41 (full 7):
 PSYoungGen      total 415232K, used 415207K [0x00000000e0000000, 0x0000000100000000, 0x0000000100000000)
  eden space 306176K, 100% used [0x00000000e0000000,0x00000000f2b00000,0x00000000f2b00000)
  from space 109056K, 99% used [0x00000000f2b00000,0x00000000f9579db8,0x00000000f9580000)
  to   space 109056K, 0% used [0x00000000f9580000,0x00000000f9580000,0x0000000100000000)
 ParOldGen       total 379904K, used 290882K [0x00000000a0000000, 0x00000000b7300000, 0x00000000e0000000)
  object space 379904K, 76% used [0x00000000a0000000,0x00000000b1c10b50,0x00000000b7300000)
 Metaspace       used 92230K, capacity 95276K, committed 95488K, reserved 1132544K
  class space    used 11340K, capacity 11948K, committed 12032K, reserved 1048576K
Event: 253.544 GC heap after
Heap after GC invocations=41 (full 7):
 PSYoungGen      total 366080K, used 57591K [0x00000000e0000000, 0x0000000100000000, 0x0000000100000000)
  eden space 257024K, 0% used [0x00000000e0000000,0x00000000e0000000,0x00000000efb00000)
  from space 109056K, 52% used [0x00000000f9580000,0x00000000fcdbdc80,0x0000000100000000)
  to   space 133632K, 0% used [0x00000000efb00000,0x00000000efb00000,0x00000000f7d80000)
 ParOldGen       total 396288K, used 395671K [0x00000000a0000000, 0x00000000b8300000, 0x00000000e0000000)
  object space 396288K, 99% used [0x00000000a0000000,0x00000000b8265f70,0x00000000b8300000)
 Metaspace       used 92230K, capacity 95276K, committed 95488K, reserved 1132544K
  class space    used 11340K, capacity 11948K, committed 12032K, reserved 1048576K
}
Event: 253.544 GC heap before
{Heap before GC invocations=42 (full 8):
 PSYoungGen      total 366080K, used 57591K [0x00000000e0000000, 0x0000000100000000, 0x0000000100000000)
  eden space 257024K, 0% used [0x00000000e0000000,0x00000000e0000000,0x00000000efb00000)
  from space 109056K, 52% used [0x00000000f9580000,0x00000000fcdbdc80,0x0000000100000000)
  to   space 133632K, 0% used [0x00000000efb00000,0x00000000efb00000,0x00000000f7d80000)
 ParOldGen       total 396288K, used 395671K [0x00000000a0000000, 0x00000000b8300000, 0x00000000e0000000)
  object space 396288K, 99% used [0x00000000a0000000,0x00000000b8265f70,0x00000000b8300000)
 Metaspace       used 92230K, capacity 95276K, committed 95488K, reserved 1132544K
  class space    used 11340K, capacity 11948K, committed 12032K, reserved 1048576K

