# JRE version: OpenJDK Runtime Environment (8.0_76-b03) (build 1.8.0_76-release-b03)
# Java VM: OpenJDK 64-Bit Server VM (25.76-b03 mixed mode linux-amd64 compressed oops)
Heap:
 PSYoungGen      total 338432K, used 0K [0x00000000e0000000, 0x0000000100000000, 0x0000000100000000)
  eden space 240640K, 0% used [0x00000000e0000000,0x00000000e0000000,0x00000000eeb00000)
  from space 97792K, 0% used [0x00000000fa080000,0x00000000fa080000,0x0000000100000000)
  to   space 141824K, 0% used [0x00000000eeb00000,0x00000000eeb00000,0x00000000f7580000)
 ParOldGen       total 365056K, used 350907K [0x00000000a0000000, 0x00000000b6480000, 0x00000000e0000000)
  object space 365056K, 96% used [0x00000000a0000000,0x00000000b56aef28,0x00000000b6480000)
 Metaspace       used 87987K, capacity 90998K, committed 95104K, reserved 1132544K
  class space    used 10840K, capacity 11359K, committed 11904K, reserved 1048576K
GC Heap History (10 events):
Event: 1891.370 GC heap after
Heap after GC invocations=57 (full 8):
 PSYoungGen      total 441856K, used 2160K [0x00000000e0000000, 0x0000000100000000, 0x0000000100000000)
  eden space 367616K, 0% used [0x00000000e0000000,0x00000000e0000000,0x00000000f6700000)
  from space 74240K, 2% used [0x00000000f6700000,0x00000000f691c020,0x00000000faf80000)
  to   space 74752K, 0% used [0x00000000fb700000,0x00000000fb700000,0x0000000100000000)
 ParOldGen       total 365056K, used 287795K [0x00000000a0000000, 0x00000000b6480000, 0x00000000e0000000)
  object space 365056K, 78% used [0x00000000a0000000,0x00000000b190cec8,0x00000000b6480000)
 Metaspace       used 78748K, capacity 81180K, committed 81408K, reserved 1120256K
  class space    used 9774K, capacity 10222K, committed 10240K, reserved 1048576K
}
Event: 1900.341 GC heap before
{Heap before GC invocations=58 (full 8):
 PSYoungGen      total 441856K, used 347024K [0x00000000e0000000, 0x0000000100000000, 0x0000000100000000)
  eden space 367616K, 93% used [0x00000000e0000000,0x00000000f50c81a8,0x00000000f6700000)
  from space 74240K, 2% used [0x00000000f6700000,0x00000000f691c020,0x00000000faf80000)
  to   space 74752K, 0% used [0x00000000fb700000,0x00000000fb700000,0x0000000100000000)
 ParOldGen       total 365056K, used 287795K [0x00000000a0000000, 0x00000000b6480000, 0x00000000e0000000)
  object space 365056K, 78% used [0x00000000a0000000,0x00000000b190cec8,0x00000000b6480000)
 Metaspace       used 83114K, capacity 85672K, committed 85888K, reserved 1124352K
  class space    used 10283K, capacity 10774K, committed 10880K, reserved 1048576K
Event: 1900.386 GC heap after
Heap after GC invocations=58 (full 8):
 PSYoungGen      total 422912K, used 74729K [0x00000000e0000000, 0x0000000100000000, 0x0000000100000000)
  eden space 348160K, 0% used [0x00000000e0000000,0x00000000e0000000,0x00000000f5400000)
  from space 74752K, 99% used [0x00000000fb700000,0x00000000ffffa470,0x0000000100000000)
  to   space 88064K, 0% used [0x00000000f5400000,0x00000000f5400000,0x00000000faa00000)
 ParOldGen       total 365056K, used 289472K [0x00000000a0000000, 0x00000000b6480000, 0x00000000e0000000)
  object space 365056K, 79% used [0x00000000a0000000,0x00000000b1ab0258,0x00000000b6480000)
 Metaspace       used 83114K, capacity 85672K, committed 85888K, reserved 1124352K
  class space    used 10283K, capacity 10774K, committed 10880K, reserved 1048576K
}
Event: 1900.407 GC heap before
{Heap before GC invocations=59 (full 9):
 PSYoungGen      total 422912K, used 74729K [0x00000000e0000000, 0x0000000100000000, 0x0000000100000000)
  eden space 348160K, 0% used [0x00000000e0000000,0x00000000e0000000,0x00000000f5400000)
  from space 74752K, 99% used [0x00000000fb700000,0x00000000ffffa470,0x0000000100000000)
  to   space 88064K, 0% used [0x00000000f5400000,0x00000000f5400000,0x00000000faa00000)
 ParOldGen       total 365056K, used 289472K [0x00000000a0000000, 0x00000000b6480000, 0x00000000e0000000)
  object space 365056K, 79% used [0x00000000a0000000,0x00000000b1ab0258,0x00000000b6480000)
 Metaspace       used 83114K, capacity 85672K, committed 85888K, reserved 1124352K
  class space    used 10283K, capacity 10774K, committed 10880K, reserved 1048576K
Event: 1901.216 GC heap after
Heap after GC invocations=59 (full 9):
 PSYoungGen      total 422912K, used 0K [0x00000000e0000000, 0x0000000100000000, 0x0000000100000000)
  eden space 348160K, 0% used [0x00000000e0000000,0x00000000e0000000,0x00000000f5400000)
  from space 74752K, 0% used [0x00000000fb700000,0x00000000fb700000,0x0000000100000000)
  to   space 88064K, 0% used [0x00000000f5400000,0x00000000f5400000,0x00000000faa00000)
 ParOldGen       total 365056K, used 257900K [0x00000000a0000000, 0x00000000b6480000, 0x00000000e0000000)
  object space 365056K, 70% used [0x00000000a0000000,0x00000000afbdb278,0x00000000b6480000)
 Metaspace       used 82890K, capacity 85310K, committed 85888K, reserved 1124352K
  class space    used 10248K, capacity 10709K, committed 10880K, reserved 1048576K
}
Event: 1997.385 GC heap before
{Heap before GC invocations=60 (full 9):
 PSYoungGen      total 422912K, used 348160K [0x00000000e0000000, 0x0000000100000000, 0x0000000100000000)
  eden space 348160K, 100% used [0x00000000e0000000,0x00000000f5400000,0x00000000f5400000)
  from space 74752K, 0% used [0x00000000fb700000,0x00000000fb700000,0x0000000100000000)
  to   space 88064K, 0% used [0x00000000f5400000,0x00000000f5400000,0x00000000faa00000)
 ParOldGen       total 365056K, used 257900K [0x00000000a0000000, 0x00000000b6480000, 0x00000000e0000000)
  object space 365056K, 70% used [0x00000000a0000000,0x00000000afbdb278,0x00000000b6480000)
 Metaspace       used 87670K, capacity 90504K, committed 90752K, reserved 1128448K
  class space    used 10819K, capacity 11321K, committed 11392K, reserved 1048576K
Event: 1997.469 GC heap after
Heap after GC invocations=60 (full 9):
 PSYoungGen      total 426496K, used 78144K [0x00000000e0000000, 0x0000000100000000, 0x0000000100000000)
  eden space 348160K, 0% used [0x00000000e0000000,0x00000000e0000000,0x00000000f5400000)
  from space 78336K, 99% used [0x00000000f5400000,0x00000000fa0501c0,0x00000000fa080000)
  to   space 97792K, 0% used [0x00000000fa080000,0x00000000fa080000,0x0000000100000000)
 ParOldGen       total 365056K, used 257908K [0x00000000a0000000, 0x00000000b6480000, 0x00000000e0000000)
  object space 365056K, 70% used [0x00000000a0000000,0x00000000afbdd278,0x00000000b6480000)
 Metaspace       used 87670K, capacity 90504K, committed 90752K, reserved 1128448K
  class space    used 10819K, capacity 11321K, committed 11392K, reserved 1048576K
}
Event: 1998.775 GC heap before
{Heap before GC invocations=61 (full 9):
 PSYoungGen      total 426496K, used 426304K [0x00000000e0000000, 0x0000000100000000, 0x0000000100000000)
  eden space 348160K, 100% used [0x00000000e0000000,0x00000000f5400000,0x00000000f5400000)
  from space 78336K, 99% used [0x00000000f5400000,0x00000000fa0501c0,0x00000000fa080000)
  to   space 97792K, 0% used [0x00000000fa080000,0x00000000fa080000,0x0000000100000000)
 ParOldGen       total 365056K, used 257908K [0x00000000a0000000, 0x00000000b6480000, 0x00000000e0000000)
  object space 365056K, 70% used [0x00000000a0000000,0x00000000afbdd278,0x00000000b6480000)
 Metaspace       used 91880K, capacity 94958K, committed 95104K, reserved 1132544K
  class space    used 11324K, capacity 11847K, committed 11904K, reserved 1048576K
Event: 1998.874 GC heap after
Heap after GC invocations=61 (full 9):
 PSYoungGen      total 338432K, used 97788K [0x00000000e0000000, 0x0000000100000000, 0x0000000100000000)
  eden space 240640K, 0% used [0x00000000e0000000,0x00000000e0000000,0x00000000eeb00000)
  from space 97792K, 99% used [0x00000000fa080000,0x00000000fffff070,0x0000000100000000)
  to   space 141824K, 0% used [0x00000000eeb00000,0x00000000eeb00000,0x00000000f7580000)
 ParOldGen       total 365056K, used 329714K [0x00000000a0000000, 0x00000000b6480000, 0x00000000e0000000)
  object space 365056K, 90% used [0x00000000a0000000,0x00000000b41fcaa8,0x00000000b6480000)
 Metaspace       used 91880K, capacity 94958K, committed 95104K, reserved 1132544K
  class space    used 11324K, capacity 11847K, committed 11904K, reserved 1048576K
}
Event: 1998.874 GC heap before
{Heap before GC invocations=62 (full 10):
 PSYoungGen      total 338432K, used 97788K [0x00000000e0000000, 0x0000000100000000, 0x0000000100000000)
  eden space 240640K, 0% used [0x00000000e0000000,0x00000000e0000000,0x00000000eeb00000)
  from space 97792K, 99% used [0x00000000fa080000,0x00000000fffff070,0x0000000100000000)
  to   space 141824K, 0% used [0x00000000eeb00000,0x00000000eeb00000,0x00000000f7580000)
 ParOldGen       total 365056K, used 329714K [0x00000000a0000000, 0x00000000b6480000, 0x00000000e0000000)
  object space 365056K, 90% used [0x00000000a0000000,0x00000000b41fcaa8,0x00000000b6480000)
 Metaspace       used 91880K, capacity 94958K, committed 95104K, reserved 1132544K
  class space    used 11324K, capacity 11847K, committed 11904K, reserved 1048576K

