# JRE version: OpenJDK Runtime Environment (8.0_76-b03) (build 1.8.0_76-release-b03)
# Java VM: OpenJDK 64-Bit Server VM (25.76-b03 mixed mode linux-amd64 compressed oops)
Heap:
 PSYoungGen      total 380928K, used 0K [0x00000000e0000000, 0x00000000ffb00000, 0x0000000100000000)
  eden space 256512K, 0% used [0x00000000e0000000,0x00000000e0000000,0x00000000efa80000)
  from space 124416K, 0% used [0x00000000efa80000,0x00000000efa80000,0x00000000f7400000)
  to   space 120832K, 0% used [0x00000000f8500000,0x00000000f8500000,0x00000000ffb00000)
 ParOldGen       total 424448K, used 410484K [0x00000000a0000000, 0x00000000b9e80000, 0x00000000e0000000)
  object space 424448K, 96% used [0x00000000a0000000,0x00000000b90dd010,0x00000000b9e80000)
 Metaspace       used 94725K, capacity 98982K, committed 99072K, reserved 1136640K
  class space    used 11641K, capacity 12267K, committed 12288K, reserved 1048576K
GC Heap History (10 events):
Event: 1573.849 GC heap after
Heap after GC invocations=99 (full 15):
 PSYoungGen      total 380928K, used 54131K [0x00000000e0000000, 0x00000000ff580000, 0x0000000100000000)
  eden space 258560K, 0% used [0x00000000e0000000,0x00000000e0000000,0x00000000efc80000)
  from space 122368K, 44% used [0x00000000f7e00000,0x00000000fb2dce60,0x00000000ff580000)
  to   space 127488K, 0% used [0x00000000efc80000,0x00000000efc80000,0x00000000f7900000)
 ParOldGen       total 424448K, used 290196K [0x00000000a0000000, 0x00000000b9e80000, 0x00000000e0000000)
  object space 424448K, 68% used [0x00000000a0000000,0x00000000b1b65020,0x00000000b9e80000)
 Metaspace       used 86384K, capacity 90196K, committed 91776K, reserved 1130496K
  class space    used 10580K, capacity 11178K, committed 11648K, reserved 1048576K
}
Event: 1576.208 GC heap before
{Heap before GC invocations=100 (full 15):
 PSYoungGen      total 380928K, used 253991K [0x00000000e0000000, 0x00000000ff580000, 0x0000000100000000)
  eden space 258560K, 77% used [0x00000000e0000000,0x00000000ec32d020,0x00000000efc80000)
  from space 122368K, 44% used [0x00000000f7e00000,0x00000000fb2dce60,0x00000000ff580000)
  to   space 127488K, 0% used [0x00000000efc80000,0x00000000efc80000,0x00000000f7900000)
 ParOldGen       total 424448K, used 290196K [0x00000000a0000000, 0x00000000b9e80000, 0x00000000e0000000)
  object space 424448K, 68% used [0x00000000a0000000,0x00000000b1b65020,0x00000000b9e80000)
 Metaspace       used 90132K, capacity 94032K, committed 94208K, reserved 1132544K
  class space    used 11063K, capacity 11666K, committed 11776K, reserved 1048576K
Event: 1576.245 GC heap after
Heap after GC invocations=100 (full 15):
 PSYoungGen      total 287232K, used 28310K [0x00000000e0000000, 0x00000000feb80000, 0x0000000100000000)
  eden space 258560K, 0% used [0x00000000e0000000,0x00000000e0000000,0x00000000efc80000)
  from space 28672K, 98% used [0x00000000efc80000,0x00000000f1825bc8,0x00000000f1880000)
  to   space 122368K, 0% used [0x00000000f7400000,0x00000000f7400000,0x00000000feb80000)
 ParOldGen       total 424448K, used 336183K [0x00000000a0000000, 0x00000000b9e80000, 0x00000000e0000000)
  object space 424448K, 79% used [0x00000000a0000000,0x00000000b484dd50,0x00000000b9e80000)
 Metaspace       used 90132K, capacity 94032K, committed 94208K, reserved 1132544K
  class space    used 11063K, capacity 11666K, committed 11776K, reserved 1048576K
}
Event: 1576.245 GC heap before
{Heap before GC invocations=101 (full 16):
 PSYoungGen      total 287232K, used 28310K [0x00000000e0000000, 0x00000000feb80000, 0x0000000100000000)
  eden space 258560K, 0% used [0x00000000e0000000,0x00000000e0000000,0x00000000efc80000)
  from space 28672K, 98% used [0x00000000efc80000,0x00000000f1825bc8,0x00000000f1880000)
  to   space 122368K, 0% used [0x00000000f7400000,0x00000000f7400000,0x00000000feb80000)
 ParOldGen       total 424448K, used 336183K [0x00000000a0000000, 0x00000000b9e80000, 0x00000000e0000000)
  object space 424448K, 79% used [0x00000000a0000000,0x00000000b484dd50,0x00000000b9e80000)
 Metaspace       used 90132K, capacity 94032K, committed 94208K, reserved 1132544K
  class space    used 11063K, capacity 11666K, committed 11776K, reserved 1048576K
Event: 1577.012 GC heap after
Heap after GC invocations=101 (full 16):
 PSYoungGen      total 287232K, used 0K [0x00000000e0000000, 0x00000000feb80000, 0x0000000100000000)
  eden space 258560K, 0% used [0x00000000e0000000,0x00000000e0000000,0x00000000efc80000)
  from space 28672K, 0% used [0x00000000efc80000,0x00000000efc80000,0x00000000f1880000)
  to   space 122368K, 0% used [0x00000000f7400000,0x00000000f7400000,0x00000000feb80000)
 ParOldGen       total 424448K, used 330042K [0x00000000a0000000, 0x00000000b9e80000, 0x00000000e0000000)
  object space 424448K, 77% used [0x00000000a0000000,0x00000000b424e920,0x00000000b9e80000)
 Metaspace       used 90132K, capacity 94032K, committed 94208K, reserved 1132544K
  class space    used 11063K, capacity 11666K, committed 11776K, reserved 1048576K
}
Event: 1640.149 GC heap before
{Heap before GC invocations=102 (full 16):
 PSYoungGen      total 287232K, used 258560K [0x00000000e0000000, 0x00000000feb80000, 0x0000000100000000)
  eden space 258560K, 100% used [0x00000000e0000000,0x00000000efc80000,0x00000000efc80000)
  from space 28672K, 0% used [0x00000000efc80000,0x00000000efc80000,0x00000000f1880000)
  to   space 122368K, 0% used [0x00000000f7400000,0x00000000f7400000,0x00000000feb80000)
 ParOldGen       total 424448K, used 330042K [0x00000000a0000000, 0x00000000b9e80000, 0x00000000e0000000)
  object space 424448K, 77% used [0x00000000a0000000,0x00000000b424e920,0x00000000b9e80000)
 Metaspace       used 94180K, capacity 98300K, committed 98560K, reserved 1136640K
  class space    used 11563K, capacity 12176K, committed 12288K, reserved 1048576K
Event: 1640.184 GC heap after
Heap after GC invocations=102 (full 16):
 PSYoungGen      total 378880K, used 71055K [0x00000000e0000000, 0x0000000100000000, 0x0000000100000000)
  eden space 256512K, 0% used [0x00000000e0000000,0x00000000e0000000,0x00000000efa80000)
  from space 122368K, 58% used [0x00000000f7400000,0x00000000fb963fd8,0x00000000feb80000)
  to   space 124416K, 0% used [0x00000000efa80000,0x00000000efa80000,0x00000000f7400000)
 ParOldGen       total 424448K, used 330050K [0x00000000a0000000, 0x00000000b9e80000, 0x00000000e0000000)
  object space 424448K, 77% used [0x00000000a0000000,0x00000000b4250920,0x00000000b9e80000)
 Metaspace       used 94180K, capacity 98300K, committed 98560K, reserved 1136640K
  class space    used 11563K, capacity 12176K, committed 12288K, reserved 1048576K
}
Event: 1690.267 GC heap before
{Heap before GC invocations=103 (full 16):
 PSYoungGen      total 378880K, used 327567K [0x00000000e0000000, 0x0000000100000000, 0x0000000100000000)
  eden space 256512K, 100% used [0x00000000e0000000,0x00000000efa80000,0x00000000efa80000)
  from space 122368K, 58% used [0x00000000f7400000,0x00000000fb963fd8,0x00000000feb80000)
  to   space 124416K, 0% used [0x00000000efa80000,0x00000000efa80000,0x00000000f7400000)
 ParOldGen       total 424448K, used 330050K [0x00000000a0000000, 0x00000000b9e80000, 0x00000000e0000000)
  object space 424448K, 77% used [0x00000000a0000000,0x00000000b4250920,0x00000000b9e80000)
 Metaspace       used 94725K, capacity 98982K, committed 99072K, reserved 1136640K
  class space    used 11641K, capacity 12267K, committed 12288K, reserved 1048576K
Event: 1690.335 GC heap after
Heap after GC invocations=103 (full 16):
 PSYoungGen      total 380928K, used 23526K [0x00000000e0000000, 0x00000000ffb00000, 0x0000000100000000)
  eden space 256512K, 0% used [0x00000000e0000000,0x00000000e0000000,0x00000000efa80000)
  from space 124416K, 18% used [0x00000000efa80000,0x00000000f11799d8,0x00000000f7400000)
  to   space 120832K, 0% used [0x00000000f8500000,0x00000000f8500000,0x00000000ffb00000)
 ParOldGen       total 424448K, used 390875K [0x00000000a0000000, 0x00000000b9e80000, 0x00000000e0000000)
  object space 424448K, 92% used [0x00000000a0000000,0x00000000b7db6f58,0x00000000b9e80000)
 Metaspace       used 94725K, capacity 98982K, committed 99072K, reserved 1136640K
  class space    used 11641K, capacity 12267K, committed 12288K, reserved 1048576K
}
Event: 1690.343 GC heap before
{Heap before GC invocations=104 (full 17):
 PSYoungGen      total 380928K, used 23526K [0x00000000e0000000, 0x00000000ffb00000, 0x0000000100000000)
  eden space 256512K, 0% used [0x00000000e0000000,0x00000000e0000000,0x00000000efa80000)
  from space 124416K, 18% used [0x00000000efa80000,0x00000000f11799d8,0x00000000f7400000)
  to   space 120832K, 0% used [0x00000000f8500000,0x00000000f8500000,0x00000000ffb00000)
 ParOldGen       total 424448K, used 390875K [0x00000000a0000000, 0x00000000b9e80000, 0x00000000e0000000)
  object space 424448K, 92% used [0x00000000a0000000,0x00000000b7db6f58,0x00000000b9e80000)
 Metaspace       used 94725K, capacity 98982K, committed 99072K, reserved 1136640K
  class space    used 11641K, capacity 12267K, committed 12288K, reserved 1048576K

