# JRE version: OpenJDK Runtime Environment (8.0_76-b03) (build 1.8.0_76-release-b03)
# Java VM: OpenJDK 64-Bit Server VM (25.76-b03 mixed mode linux-amd64 compressed oops)
Heap:
 PSYoungGen      total 395264K, used 46797K [0x00000000e0000000, 0x0000000100000000, 0x0000000100000000)
  eden space 266240K, 17% used [0x00000000e0000000,0x00000000e2db3620,0x00000000f0400000)
  from space 129024K, 0% used [0x00000000f0400000,0x00000000f0400000,0x00000000f8200000)
  to   space 126464K, 0% used [0x00000000f8480000,0x00000000f8480000,0x0000000100000000)
 ParOldGen       total 417792K, used 417706K [0x00000000a0000000, 0x00000000b9800000, 0x00000000e0000000)
  object space 417792K, 99% used [0x00000000a0000000,0x00000000b97ea9f0,0x00000000b9800000)
 Metaspace       used 96816K, capacity 100406K, committed 100736K, reserved 1136640K
  class space    used 11920K, capacity 12580K, committed 12672K, reserved 1048576K
GC Heap History (10 events):
Event: 652.950 GC heap after
Heap after GC invocations=45 (full 8):
 PSYoungGen      total 394752K, used 160K [0x00000000e0000000, 0x00000000fff00000, 0x0000000100000000)
  eden space 268800K, 0% used [0x00000000e0000000,0x00000000e0000000,0x00000000f0680000)
  from space 125952K, 0% used [0x00000000f0680000,0x00000000f06a8000,0x00000000f8180000)
  to   space 125440K, 0% used [0x00000000f8480000,0x00000000f8480000,0x00000000fff00000)
 ParOldGen       total 417792K, used 416823K [0x00000000a0000000, 0x00000000b9800000, 0x00000000e0000000)
  object space 417792K, 99% used [0x00000000a0000000,0x00000000b970dc88,0x00000000b9800000)
 Metaspace       used 88335K, capacity 91474K, committed 91648K, reserved 1130496K
  class space    used 10883K, capacity 11469K, committed 11520K, reserved 1048576K
}
Event: 652.950 GC heap before
{Heap before GC invocations=46 (full 9):
 PSYoungGen      total 394752K, used 160K [0x00000000e0000000, 0x00000000fff00000, 0x0000000100000000)
  eden space 268800K, 0% used [0x00000000e0000000,0x00000000e0000000,0x00000000f0680000)
  from space 125952K, 0% used [0x00000000f0680000,0x00000000f06a8000,0x00000000f8180000)
  to   space 125440K, 0% used [0x00000000f8480000,0x00000000f8480000,0x00000000fff00000)
 ParOldGen       total 417792K, used 416823K [0x00000000a0000000, 0x00000000b9800000, 0x00000000e0000000)
  object space 417792K, 99% used [0x00000000a0000000,0x00000000b970dc88,0x00000000b9800000)
 Metaspace       used 88335K, capacity 91474K, committed 91648K, reserved 1130496K
  class space    used 10883K, capacity 11469K, committed 11520K, reserved 1048576K
Event: 653.731 GC heap after
Heap after GC invocations=46 (full 9):
 PSYoungGen      total 394752K, used 0K [0x00000000e0000000, 0x00000000fff00000, 0x0000000100000000)
  eden space 268800K, 0% used [0x00000000e0000000,0x00000000e0000000,0x00000000f0680000)
  from space 125952K, 0% used [0x00000000f0680000,0x00000000f0680000,0x00000000f8180000)
  to   space 125440K, 0% used [0x00000000f8480000,0x00000000f8480000,0x00000000fff00000)
 ParOldGen       total 417792K, used 327310K [0x00000000a0000000, 0x00000000b9800000, 0x00000000e0000000)
  object space 417792K, 78% used [0x00000000a0000000,0x00000000b3fa3868,0x00000000b9800000)
 Metaspace       used 88335K, capacity 91474K, committed 91648K, reserved 1130496K
  class space    used 10883K, capacity 11469K, committed 11520K, reserved 1048576K
}
Event: 1158.511 GC heap before
{Heap before GC invocations=47 (full 9):
 PSYoungGen      total 394752K, used 268800K [0x00000000e0000000, 0x00000000fff00000, 0x0000000100000000)
  eden space 268800K, 100% used [0x00000000e0000000,0x00000000f0680000,0x00000000f0680000)
  from space 125952K, 0% used [0x00000000f0680000,0x00000000f0680000,0x00000000f8180000)
  to   space 125440K, 0% used [0x00000000f8480000,0x00000000f8480000,0x00000000fff00000)
 ParOldGen       total 417792K, used 327310K [0x00000000a0000000, 0x00000000b9800000, 0x00000000e0000000)
  object space 417792K, 78% used [0x00000000a0000000,0x00000000b3fa3868,0x00000000b9800000)
 Metaspace       used 92535K, capacity 95736K, committed 96000K, reserved 1132544K
  class space    used 11392K, capacity 12016K, committed 12032K, reserved 1048576K
Event: 1158.550 GC heap after
Heap after GC invocations=47 (full 9):
 PSYoungGen      total 391680K, used 73091K [0x00000000e0000000, 0x0000000100000000, 0x0000000100000000)
  eden space 266240K, 0% used [0x00000000e0000000,0x00000000e0000000,0x00000000f0400000)
  from space 125440K, 58% used [0x00000000f8480000,0x00000000fcbe0f18,0x00000000fff00000)
  to   space 129024K, 0% used [0x00000000f0400000,0x00000000f0400000,0x00000000f8200000)
 ParOldGen       total 417792K, used 327318K [0x00000000a0000000, 0x00000000b9800000, 0x00000000e0000000)
  object space 417792K, 78% used [0x00000000a0000000,0x00000000b3fa5868,0x00000000b9800000)
 Metaspace       used 92535K, capacity 95736K, committed 96000K, reserved 1132544K
  class space    used 11392K, capacity 12016K, committed 12032K, reserved 1048576K
}
Event: 1159.981 GC heap before
{Heap before GC invocations=48 (full 9):
 PSYoungGen      total 391680K, used 186060K [0x00000000e0000000, 0x0000000100000000, 0x0000000100000000)
  eden space 266240K, 42% used [0x00000000e0000000,0x00000000e6e52328,0x00000000f0400000)
  from space 125440K, 58% used [0x00000000f8480000,0x00000000fcbe0f18,0x00000000fff00000)
  to   space 129024K, 0% used [0x00000000f0400000,0x00000000f0400000,0x00000000f8200000)
 ParOldGen       total 417792K, used 327318K [0x00000000a0000000, 0x00000000b9800000, 0x00000000e0000000)
  object space 417792K, 78% used [0x00000000a0000000,0x00000000b3fa5868,0x00000000b9800000)
 Metaspace       used 92611K, capacity 95874K, committed 96000K, reserved 1132544K
  class space    used 11399K, capacity 12028K, committed 12032K, reserved 1048576K
Event: 1160.017 GC heap after
Heap after GC invocations=48 (full 9):
 PSYoungGen      total 395264K, used 8211K [0x00000000e0000000, 0x0000000100000000, 0x0000000100000000)
  eden space 266240K, 0% used [0x00000000e0000000,0x00000000e0000000,0x00000000f0400000)
  from space 129024K, 6% used [0x00000000f0400000,0x00000000f0c04c28,0x00000000f8200000)
  to   space 126464K, 0% used [0x00000000f8480000,0x00000000f8480000,0x0000000100000000)
 ParOldGen       total 417792K, used 390236K [0x00000000a0000000, 0x00000000b9800000, 0x00000000e0000000)
  object space 417792K, 93% used [0x00000000a0000000,0x00000000b7d17118,0x00000000b9800000)
 Metaspace       used 92611K, capacity 95874K, committed 96000K, reserved 1132544K
  class space    used 11399K, capacity 12028K, committed 12032K, reserved 1048576K
}
Event: 1160.017 GC heap before
{Heap before GC invocations=49 (full 10):
 PSYoungGen      total 395264K, used 8211K [0x00000000e0000000, 0x0000000100000000, 0x0000000100000000)
  eden space 266240K, 0% used [0x00000000e0000000,0x00000000e0000000,0x00000000f0400000)
  from space 129024K, 6% used [0x00000000f0400000,0x00000000f0c04c28,0x00000000f8200000)
  to   space 126464K, 0% used [0x00000000f8480000,0x00000000f8480000,0x0000000100000000)
 ParOldGen       total 417792K, used 390236K [0x00000000a0000000, 0x00000000b9800000, 0x00000000e0000000)
  object space 417792K, 93% used [0x00000000a0000000,0x00000000b7d17118,0x00000000b9800000)
 Metaspace       used 92611K, capacity 95874K, committed 96000K, reserved 1132544K
  class space    used 11399K, capacity 12028K, committed 12032K, reserved 1048576K
Event: 1161.109 GC heap after
Heap after GC invocations=49 (full 10):
 PSYoungGen      total 395264K, used 0K [0x00000000e0000000, 0x0000000100000000, 0x0000000100000000)
  eden space 266240K, 0% used [0x00000000e0000000,0x00000000e0000000,0x00000000f0400000)
  from space 129024K, 0% used [0x00000000f0400000,0x00000000f0400000,0x00000000f8200000)
  to   space 126464K, 0% used [0x00000000f8480000,0x00000000f8480000,0x0000000100000000)
 ParOldGen       total 417792K, used 397174K [0x00000000a0000000, 0x00000000b9800000, 0x00000000e0000000)
  object space 417792K, 95% used [0x00000000a0000000,0x00000000b83ddb88,0x00000000b9800000)
 Metaspace       used 92611K, capacity 95874K, committed 96000K, reserved 1132544K
  class space    used 11399K, capacity 12028K, committed 12032K, reserved 1048576K
}
Event: 3634.267 GC heap before
{Heap before GC invocations=50 (full 11):
 PSYoungGen      total 395264K, used 266139K [0x00000000e0000000, 0x0000000100000000, 0x0000000100000000)
  eden space 266240K, 99% used [0x00000000e0000000,0x00000000f03e6d70,0x00000000f0400000)
  from space 129024K, 0% used [0x00000000f0400000,0x00000000f0400000,0x00000000f8200000)
  to   space 126464K, 0% used [0x00000000f8480000,0x00000000f8480000,0x0000000100000000)
 ParOldGen       total 417792K, used 397174K [0x00000000a0000000, 0x00000000b9800000, 0x00000000e0000000)
  object space 417792K, 95% used [0x00000000a0000000,0x00000000b83ddb88,0x00000000b9800000)
 Metaspace       used 96823K, capacity 100416K, committed 100736K, reserved 1136640K
  class space    used 11922K, capacity 12585K, committed 12672K, reserved 1048576K

