# JRE version: OpenJDK Runtime Environment (8.0_76-b03) (build 1.8.0_76-release-b03)
# Java VM: OpenJDK 64-Bit Server VM (25.76-b03 mixed mode linux-amd64 compressed oops)
Heap:
 PSYoungGen      total 291328K, used 89580K [0x00000000e0000000, 0x00000000f7400000, 0x0000000100000000)
  eden space 201728K, 0% used [0x00000000e0000000,0x00000000e0000000,0x00000000ec500000)
  from space 89600K, 99% used [0x00000000f1c80000,0x00000000f73fb1f8,0x00000000f7400000)
  to   space 81408K, 0% used [0x00000000ecc80000,0x00000000ecc80000,0x00000000f1c00000)
 ParOldGen       total 218112K, used 193348K [0x00000000a0000000, 0x00000000ad500000, 0x00000000e0000000)
  object space 218112K, 88% used [0x00000000a0000000,0x00000000abcd12f0,0x00000000ad500000)
 Metaspace       used 75827K, capacity 77846K, committed 77952K, reserved 1118208K
  class space    used 9440K, capacity 9841K, committed 9856K, reserved 1048576K
GC Heap History (10 events):
Event: 2044.907 GC heap after
Heap after GC invocations=19 (full 4):
 PSYoungGen      total 249344K, used 52715K [0x00000000e0000000, 0x00000000f4900000, 0x0000000100000000)
  eden space 196608K, 0% used [0x00000000e0000000,0x00000000e0000000,0x00000000ec000000)
  from space 52736K, 99% used [0x00000000ee880000,0x00000000f1bfafb0,0x00000000f1c00000)
  to   space 46080K, 0% used [0x00000000f1c00000,0x00000000f1c00000,0x00000000f4900000)
 ParOldGen       total 156672K, used 133895K [0x00000000a0000000, 0x00000000a9900000, 0x00000000e0000000)
  object space 156672K, 85% used [0x00000000a0000000,0x00000000a82c1f70,0x00000000a9900000)
 Metaspace       used 70230K, capacity 72094K, committed 72320K, reserved 1112064K
  class space    used 8881K, capacity 9251K, committed 9344K, reserved 1048576K
}
Event: 2044.907 GC heap before
{Heap before GC invocations=20 (full 5):
 PSYoungGen      total 249344K, used 52715K [0x00000000e0000000, 0x00000000f4900000, 0x0000000100000000)
  eden space 196608K, 0% used [0x00000000e0000000,0x00000000e0000000,0x00000000ec000000)
  from space 52736K, 99% used [0x00000000ee880000,0x00000000f1bfafb0,0x00000000f1c00000)
  to   space 46080K, 0% used [0x00000000f1c00000,0x00000000f1c00000,0x00000000f4900000)
 ParOldGen       total 156672K, used 133895K [0x00000000a0000000, 0x00000000a9900000, 0x00000000e0000000)
  object space 156672K, 85% used [0x00000000a0000000,0x00000000a82c1f70,0x00000000a9900000)
 Metaspace       used 70230K, capacity 72094K, committed 72320K, reserved 1112064K
  class space    used 8881K, capacity 9251K, committed 9344K, reserved 1048576K
Event: 2045.329 GC heap after
Heap after GC invocations=20 (full 5):
 PSYoungGen      total 249344K, used 16948K [0x00000000e0000000, 0x00000000f4900000, 0x0000000100000000)
  eden space 196608K, 0% used [0x00000000e0000000,0x00000000e0000000,0x00000000ec000000)
  from space 52736K, 32% used [0x00000000ee880000,0x00000000ef90d3f8,0x00000000f1c00000)
  to   space 46080K, 0% used [0x00000000f1c00000,0x00000000f1c00000,0x00000000f4900000)
 ParOldGen       total 156672K, used 156509K [0x00000000a0000000, 0x00000000a9900000, 0x00000000e0000000)
  object space 156672K, 99% used [0x00000000a0000000,0x00000000a98d74a0,0x00000000a9900000)
 Metaspace       used 69624K, capacity 71212K, committed 72320K, reserved 1112064K
  class space    used 8780K, capacity 9098K, committed 9344K, reserved 1048576K
}
Event: 2113.938 GC heap before
{Heap before GC invocations=21 (full 6):
 PSYoungGen      total 249344K, used 213556K [0x00000000e0000000, 0x00000000f4900000, 0x0000000100000000)
  eden space 196608K, 100% used [0x00000000e0000000,0x00000000ec000000,0x00000000ec000000)
  from space 52736K, 32% used [0x00000000ee880000,0x00000000ef90d3f8,0x00000000f1c00000)
  to   space 46080K, 0% used [0x00000000f1c00000,0x00000000f1c00000,0x00000000f4900000)
 ParOldGen       total 156672K, used 156509K [0x00000000a0000000, 0x00000000a9900000, 0x00000000e0000000)
  object space 156672K, 99% used [0x00000000a0000000,0x00000000a98d74a0,0x00000000a9900000)
 Metaspace       used 70785K, capacity 72612K, committed 73088K, reserved 1114112K
  class space    used 8878K, capacity 9230K, committed 9344K, reserved 1048576K
Event: 2114.167 GC heap after
Heap after GC invocations=21 (full 6):
 PSYoungGen      total 249344K, used 0K [0x00000000e0000000, 0x00000000f4900000, 0x0000000100000000)
  eden space 196608K, 0% used [0x00000000e0000000,0x00000000e0000000,0x00000000ec000000)
  from space 52736K, 0% used [0x00000000ee880000,0x00000000ee880000,0x00000000f1c00000)
  to   space 46080K, 0% used [0x00000000f1c00000,0x00000000f1c00000,0x00000000f4900000)
 ParOldGen       total 218112K, used 127220K [0x00000000a0000000, 0x00000000ad500000, 0x00000000e0000000)
  object space 218112K, 58% used [0x00000000a0000000,0x00000000a7c3d1e8,0x00000000ad500000)
 Metaspace       used 66849K, capacity 68580K, committed 73088K, reserved 1114112K
  class space    used 8389K, capacity 8730K, committed 9344K, reserved 1048576K
}
Event: 2115.853 GC heap before
{Heap before GC invocations=22 (full 6):
 PSYoungGen      total 249344K, used 196608K [0x00000000e0000000, 0x00000000f4900000, 0x0000000100000000)
  eden space 196608K, 100% used [0x00000000e0000000,0x00000000ec000000,0x00000000ec000000)
  from space 52736K, 0% used [0x00000000ee880000,0x00000000ee880000,0x00000000f1c00000)
  to   space 46080K, 0% used [0x00000000f1c00000,0x00000000f1c00000,0x00000000f4900000)
 ParOldGen       total 218112K, used 127220K [0x00000000a0000000, 0x00000000ad500000, 0x00000000e0000000)
  object space 218112K, 58% used [0x00000000a0000000,0x00000000a7c3d1e8,0x00000000ad500000)
 Metaspace       used 71002K, capacity 72794K, committed 73088K, reserved 1114112K
  class space    used 8888K, capacity 9265K, committed 9344K, reserved 1048576K
Event: 2115.896 GC heap after
Heap after GC invocations=22 (full 6):
 PSYoungGen      total 255488K, used 46053K [0x00000000e0000000, 0x00000000f8780000, 0x0000000100000000)
  eden space 209408K, 0% used [0x00000000e0000000,0x00000000e0000000,0x00000000ecc80000)
  from space 46080K, 99% used [0x00000000f1c00000,0x00000000f48f9550,0x00000000f4900000)
  to   space 81408K, 0% used [0x00000000ecc80000,0x00000000ecc80000,0x00000000f1c00000)
 ParOldGen       total 218112K, used 149085K [0x00000000a0000000, 0x00000000ad500000, 0x00000000e0000000)
  object space 218112K, 68% used [0x00000000a0000000,0x00000000a9197648,0x00000000ad500000)
 Metaspace       used 71002K, capacity 72794K, committed 73088K, reserved 1114112K
  class space    used 8888K, capacity 9265K, committed 9344K, reserved 1048576K
}
Event: 2892.801 GC heap before
{Heap before GC invocations=23 (full 6):
 PSYoungGen      total 255488K, used 255461K [0x00000000e0000000, 0x00000000f8780000, 0x0000000100000000)
  eden space 209408K, 100% used [0x00000000e0000000,0x00000000ecc80000,0x00000000ecc80000)
  from space 46080K, 99% used [0x00000000f1c00000,0x00000000f48f9550,0x00000000f4900000)
  to   space 81408K, 0% used [0x00000000ecc80000,0x00000000ecc80000,0x00000000f1c00000)
 ParOldGen       total 218112K, used 149085K [0x00000000a0000000, 0x00000000ad500000, 0x00000000e0000000)
  object space 218112K, 68% used [0x00000000a0000000,0x00000000a9197648,0x00000000ad500000)
 Metaspace       used 71911K, capacity 73856K, committed 73984K, reserved 1114112K
  class space    used 8954K, capacity 9348K, committed 9472K, reserved 1048576K
Event: 2892.831 GC heap after
Heap after GC invocations=23 (full 6):
 PSYoungGen      total 283136K, used 65011K [0x00000000e0000000, 0x00000000f7400000, 0x0000000100000000)
  eden space 201728K, 0% used [0x00000000e0000000,0x00000000e0000000,0x00000000ec500000)
  from space 81408K, 79% used [0x00000000ecc80000,0x00000000f0bfcfc0,0x00000000f1c00000)
  to   space 89600K, 0% used [0x00000000f1c80000,0x00000000f1c80000,0x00000000f7400000)
 ParOldGen       total 218112K, used 149093K [0x00000000a0000000, 0x00000000ad500000, 0x00000000e0000000)
  object space 218112K, 68% used [0x00000000a0000000,0x00000000a9199648,0x00000000ad500000)
 Metaspace       used 71911K, capacity 73856K, committed 73984K, reserved 1114112K
  class space    used 8954K, capacity 9348K, committed 9472K, reserved 1048576K
}
Event: 2894.244 GC heap before
{Heap before GC invocations=24 (full 6):
 PSYoungGen      total 283136K, used 266739K [0x00000000e0000000, 0x00000000f7400000, 0x0000000100000000)
  eden space 201728K, 100% used [0x00000000e0000000,0x00000000ec500000,0x00000000ec500000)
  from space 81408K, 79% used [0x00000000ecc80000,0x00000000f0bfcfc0,0x00000000f1c00000)
  to   space 89600K, 0% used [0x00000000f1c80000,0x00000000f1c80000,0x00000000f7400000)
 ParOldGen       total 218112K, used 149093K [0x00000000a0000000, 0x00000000ad500000, 0x00000000e0000000)
  object space 218112K, 68% used [0x00000000a0000000,0x00000000a9199648,0x00000000ad500000)
 Metaspace       used 75827K, capacity 77846K, committed 77952K, reserved 1118208K
  class space    used 9440K, capacity 9841K, committed 9856K, reserved 1048576K

