# JRE version: OpenJDK Runtime Environment (8.0_76-b03) (build 1.8.0_76-release-b03)
# Java VM: OpenJDK 64-Bit Server VM (25.76-b03 mixed mode linux-amd64 compressed oops)
Heap:
 PSYoungGen      total 349696K, used 18590K [0x00000000e0000000, 0x0000000100000000, 0x0000000100000000)
  eden space 175104K, 10% used [0x00000000e0000000,0x00000000e1227ba8,0x00000000eab00000)
  from space 174592K, 0% used [0x00000000eab00000,0x00000000eab00000,0x00000000f5580000)
  to   space 174592K, 0% used [0x00000000f5580000,0x00000000f5580000,0x0000000100000000)
 ParOldGen       total 470528K, used 470484K [0x00000000a0000000, 0x00000000bcb80000, 0x00000000e0000000)
  object space 470528K, 99% used [0x00000000a0000000,0x00000000bcb752a8,0x00000000bcb80000)
 Metaspace       used 97419K, capacity 101254K, committed 101376K, reserved 1138688K
  class space    used 11935K, capacity 12537K, committed 12544K, reserved 1048576K
GC Heap History (10 events):
Event: 1918.388 GC heap after
Heap after GC invocations=72 (full 12):
 PSYoungGen      total 345088K, used 59330K [0x00000000e0000000, 0x0000000100000000, 0x0000000100000000)
  eden space 194560K, 0% used [0x00000000e0000000,0x00000000e0000000,0x00000000ebe00000)
  from space 150528K, 39% used [0x00000000f6d00000,0x00000000fa6f0818,0x0000000100000000)
  to   space 164864K, 0% used [0x00000000ebe00000,0x00000000ebe00000,0x00000000f5f00000)
 ParOldGen       total 470528K, used 327893K [0x00000000a0000000, 0x00000000bcb80000, 0x00000000e0000000)
  object space 470528K, 69% used [0x00000000a0000000,0x00000000b4035568,0x00000000bcb80000)
 Metaspace       used 89228K, capacity 92662K, committed 92928K, reserved 1130496K
  class space    used 10925K, capacity 11497K, committed 11520K, reserved 1048576K
}
Event: 2039.130 GC heap before
{Heap before GC invocations=73 (full 12):
 PSYoungGen      total 345088K, used 253890K [0x00000000e0000000, 0x0000000100000000, 0x0000000100000000)
  eden space 194560K, 100% used [0x00000000e0000000,0x00000000ebe00000,0x00000000ebe00000)
  from space 150528K, 39% used [0x00000000f6d00000,0x00000000fa6f0818,0x0000000100000000)
  to   space 164864K, 0% used [0x00000000ebe00000,0x00000000ebe00000,0x00000000f5f00000)
 ParOldGen       total 470528K, used 327893K [0x00000000a0000000, 0x00000000bcb80000, 0x00000000e0000000)
  object space 470528K, 69% used [0x00000000a0000000,0x00000000b4035568,0x00000000bcb80000)
 Metaspace       used 92852K, capacity 96450K, committed 96768K, reserved 1134592K
  class space    used 11382K, capacity 11960K, committed 12032K, reserved 1048576K
Event: 2039.166 GC heap after
Heap after GC invocations=73 (full 12):
 PSYoungGen      total 359424K, used 78845K [0x00000000e0000000, 0x0000000100000000, 0x0000000100000000)
  eden space 194560K, 0% used [0x00000000e0000000,0x00000000e0000000,0x00000000ebe00000)
  from space 164864K, 47% used [0x00000000ebe00000,0x00000000f0aff5c8,0x00000000f5f00000)
  to   space 160768K, 0% used [0x00000000f6300000,0x00000000f6300000,0x0000000100000000)
 ParOldGen       total 470528K, used 327901K [0x00000000a0000000, 0x00000000bcb80000, 0x00000000e0000000)
  object space 470528K, 69% used [0x00000000a0000000,0x00000000b4037568,0x00000000bcb80000)
 Metaspace       used 92852K, capacity 96450K, committed 96768K, reserved 1134592K
  class space    used 11382K, capacity 11960K, committed 12032K, reserved 1048576K
}
Event: 2039.926 GC heap before
{Heap before GC invocations=74 (full 12):
 PSYoungGen      total 359424K, used 273405K [0x00000000e0000000, 0x0000000100000000, 0x0000000100000000)
  eden space 194560K, 100% used [0x00000000e0000000,0x00000000ebe00000,0x00000000ebe00000)
  from space 164864K, 47% used [0x00000000ebe00000,0x00000000f0aff5c8,0x00000000f5f00000)
  to   space 160768K, 0% used [0x00000000f6300000,0x00000000f6300000,0x0000000100000000)
 ParOldGen       total 470528K, used 327901K [0x00000000a0000000, 0x00000000bcb80000, 0x00000000e0000000)
  object space 470528K, 69% used [0x00000000a0000000,0x00000000b4037568,0x00000000bcb80000)
 Metaspace       used 96881K, capacity 100618K, committed 100864K, reserved 1138688K
  class space    used 11879K, capacity 12472K, committed 12544K, reserved 1048576K
Event: 2039.993 GC heap after
Heap after GC invocations=74 (full 12):
 PSYoungGen      total 335872K, used 153538K [0x00000000e0000000, 0x0000000100000000, 0x0000000100000000)
  eden space 175104K, 0% used [0x00000000e0000000,0x00000000e0000000,0x00000000eab00000)
  from space 160768K, 95% used [0x00000000f6300000,0x00000000ff8f09e0,0x0000000100000000)
  to   space 174592K, 0% used [0x00000000eab00000,0x00000000eab00000,0x00000000f5580000)
 ParOldGen       total 470528K, used 327909K [0x00000000a0000000, 0x00000000bcb80000, 0x00000000e0000000)
  object space 470528K, 69% used [0x00000000a0000000,0x00000000b4039568,0x00000000bcb80000)
 Metaspace       used 96881K, capacity 100618K, committed 100864K, reserved 1138688K
  class space    used 11879K, capacity 12472K, committed 12544K, reserved 1048576K
}
Event: 2040.177 GC heap before
{Heap before GC invocations=75 (full 12):
 PSYoungGen      total 335872K, used 178148K [0x00000000e0000000, 0x0000000100000000, 0x0000000100000000)
  eden space 175104K, 14% used [0x00000000e0000000,0x00000000e18089a8,0x00000000eab00000)
  from space 160768K, 95% used [0x00000000f6300000,0x00000000ff8f09e0,0x0000000100000000)
  to   space 174592K, 0% used [0x00000000eab00000,0x00000000eab00000,0x00000000f5580000)
 ParOldGen       total 470528K, used 327909K [0x00000000a0000000, 0x00000000bcb80000, 0x00000000e0000000)
  object space 470528K, 69% used [0x00000000a0000000,0x00000000b4039568,0x00000000bcb80000)
 Metaspace       used 96911K, capacity 100666K, committed 100864K, reserved 1138688K
  class space    used 11883K, capacity 12479K, committed 12544K, reserved 1048576K
Event: 2040.234 GC heap after
Heap after GC invocations=75 (full 12):
 PSYoungGen      total 349696K, used 92908K [0x00000000e0000000, 0x0000000100000000, 0x0000000100000000)
  eden space 175104K, 0% used [0x00000000e0000000,0x00000000e0000000,0x00000000eab00000)
  from space 174592K, 53% used [0x00000000eab00000,0x00000000f05bb370,0x00000000f5580000)
  to   space 174592K, 0% used [0x00000000f5580000,0x00000000f5580000,0x0000000100000000)
 ParOldGen       total 470528K, used 379311K [0x00000000a0000000, 0x00000000bcb80000, 0x00000000e0000000)
  object space 470528K, 80% used [0x00000000a0000000,0x00000000b726bdd8,0x00000000bcb80000)
 Metaspace       used 96911K, capacity 100666K, committed 100864K, reserved 1138688K
  class space    used 11883K, capacity 12479K, committed 12544K, reserved 1048576K
}
Event: 2040.234 GC heap before
{Heap before GC invocations=76 (full 13):
 PSYoungGen      total 349696K, used 92908K [0x00000000e0000000, 0x0000000100000000, 0x0000000100000000)
  eden space 175104K, 0% used [0x00000000e0000000,0x00000000e0000000,0x00000000eab00000)
  from space 174592K, 53% used [0x00000000eab00000,0x00000000f05bb370,0x00000000f5580000)
  to   space 174592K, 0% used [0x00000000f5580000,0x00000000f5580000,0x0000000100000000)
 ParOldGen       total 470528K, used 379311K [0x00000000a0000000, 0x00000000bcb80000, 0x00000000e0000000)
  object space 470528K, 80% used [0x00000000a0000000,0x00000000b726bdd8,0x00000000bcb80000)
 Metaspace       used 96911K, capacity 100666K, committed 100864K, reserved 1138688K
  class space    used 11883K, capacity 12479K, committed 12544K, reserved 1048576K
Event: 2041.003 GC heap after
Heap after GC invocations=76 (full 13):
 PSYoungGen      total 349696K, used 0K [0x00000000e0000000, 0x0000000100000000, 0x0000000100000000)
  eden space 175104K, 0% used [0x00000000e0000000,0x00000000e0000000,0x00000000eab00000)
  from space 174592K, 0% used [0x00000000eab00000,0x00000000eab00000,0x00000000f5580000)
  to   space 174592K, 0% used [0x00000000f5580000,0x00000000f5580000,0x0000000100000000)
 ParOldGen       total 470528K, used 466552K [0x00000000a0000000, 0x00000000bcb80000, 0x00000000e0000000)
  object space 470528K, 99% used [0x00000000a0000000,0x00000000bc79e398,0x00000000bcb80000)
 Metaspace       used 96911K, capacity 100666K, committed 100864K, reserved 1138688K
  class space    used 11883K, capacity 12479K, committed 12544K, reserved 1048576K
}
Event: 2074.273 GC heap before
{Heap before GC invocations=77 (full 14):
 PSYoungGen      total 349696K, used 175104K [0x00000000e0000000, 0x0000000100000000, 0x0000000100000000)
  eden space 175104K, 100% used [0x00000000e0000000,0x00000000eab00000,0x00000000eab00000)
  from space 174592K, 0% used [0x00000000eab00000,0x00000000eab00000,0x00000000f5580000)
  to   space 174592K, 0% used [0x00000000f5580000,0x00000000f5580000,0x0000000100000000)
 ParOldGen       total 470528K, used 466552K [0x00000000a0000000, 0x00000000bcb80000, 0x00000000e0000000)
  object space 470528K, 99% used [0x00000000a0000000,0x00000000bc79e398,0x00000000bcb80000)
 Metaspace       used 97419K, capacity 101254K, committed 101376K, reserved 1138688K
  class space    used 11935K, capacity 12537K, committed 12544K, reserved 1048576K

