# JRE version: OpenJDK Runtime Environment (8.0_76-b03) (build 1.8.0_76-release-b03)
# Java VM: OpenJDK 64-Bit Server VM (25.76-b03 mixed mode linux-amd64 compressed oops)
Heap:
 PSYoungGen      total 371712K, used 0K [0x00000000e0000000, 0x0000000100000000, 0x0000000100000000)
  eden space 219136K, 0% used [0x00000000e0000000,0x00000000e0000000,0x00000000ed600000)
  from space 152576K, 0% used [0x00000000ed600000,0x00000000ed600000,0x00000000f6b00000)
  to   space 146432K, 0% used [0x00000000f7100000,0x00000000f7100000,0x0000000100000000)
 ParOldGen       total 412160K, used 382626K [0x00000000a0000000, 0x00000000b9280000, 0x00000000e0000000)
  object space 412160K, 92% used [0x00000000a0000000,0x00000000b75a8bc8,0x00000000b9280000)
 Metaspace       used 92275K, capacity 96388K, committed 96640K, reserved 1134592K
  class space    used 11601K, capacity 12359K, committed 12416K, reserved 1048576K
GC Heap History (10 events):
Event: 556.418 GC heap after
Heap after GC invocations=59 (full 10):
 PSYoungGen      total 415744K, used 81871K [0x00000000e0000000, 0x0000000100000000, 0x0000000100000000)
  eden space 333824K, 0% used [0x00000000e0000000,0x00000000e0000000,0x00000000f4600000)
  from space 81920K, 99% used [0x00000000f4600000,0x00000000f95f3e28,0x00000000f9600000)
  to   space 103424K, 0% used [0x00000000f9b00000,0x00000000f9b00000,0x0000000100000000)
 ParOldGen       total 412160K, used 299122K [0x00000000a0000000, 0x00000000b9280000, 0x00000000e0000000)
  object space 412160K, 72% used [0x00000000a0000000,0x00000000b241c9a8,0x00000000b9280000)
 Metaspace       used 91663K, capacity 95752K, committed 96000K, reserved 1132544K
  class space    used 11517K, capacity 12255K, committed 12288K, reserved 1048576K
}
Event: 558.777 GC heap before
{Heap before GC invocations=60 (full 10):
 PSYoungGen      total 415744K, used 415695K [0x00000000e0000000, 0x0000000100000000, 0x0000000100000000)
  eden space 333824K, 100% used [0x00000000e0000000,0x00000000f4600000,0x00000000f4600000)
  from space 81920K, 99% used [0x00000000f4600000,0x00000000f95f3e28,0x00000000f9600000)
  to   space 103424K, 0% used [0x00000000f9b00000,0x00000000f9b00000,0x0000000100000000)
 ParOldGen       total 412160K, used 299122K [0x00000000a0000000, 0x00000000b9280000, 0x00000000e0000000)
  object space 412160K, 72% used [0x00000000a0000000,0x00000000b241c9a8,0x00000000b9280000)
 Metaspace       used 92254K, capacity 96388K, committed 96640K, reserved 1134592K
  class space    used 11600K, capacity 12359K, committed 12416K, reserved 1048576K
Event: 558.851 GC heap after
Heap after GC invocations=60 (full 10):
 PSYoungGen      total 396288K, used 86380K [0x00000000e0000000, 0x0000000100000000, 0x0000000100000000)
  eden space 292864K, 0% used [0x00000000e0000000,0x00000000e0000000,0x00000000f1e00000)
  from space 103424K, 83% used [0x00000000f9b00000,0x00000000fef5b3a0,0x0000000100000000)
  to   space 115712K, 0% used [0x00000000f1e00000,0x00000000f1e00000,0x00000000f8f00000)
 ParOldGen       total 412160K, used 299130K [0x00000000a0000000, 0x00000000b9280000, 0x00000000e0000000)
  object space 412160K, 72% used [0x00000000a0000000,0x00000000b241e9a8,0x00000000b9280000)
 Metaspace       used 92254K, capacity 96388K, committed 96640K, reserved 1134592K
  class space    used 11600K, capacity 12359K, committed 12416K, reserved 1048576K
}
Event: 559.315 GC heap before
{Heap before GC invocations=61 (full 10):
 PSYoungGen      total 396288K, used 379244K [0x00000000e0000000, 0x0000000100000000, 0x0000000100000000)
  eden space 292864K, 100% used [0x00000000e0000000,0x00000000f1e00000,0x00000000f1e00000)
  from space 103424K, 83% used [0x00000000f9b00000,0x00000000fef5b3a0,0x0000000100000000)
  to   space 115712K, 0% used [0x00000000f1e00000,0x00000000f1e00000,0x00000000f8f00000)
 ParOldGen       total 412160K, used 299130K [0x00000000a0000000, 0x00000000b9280000, 0x00000000e0000000)
  object space 412160K, 72% used [0x00000000a0000000,0x00000000b241e9a8,0x00000000b9280000)
 Metaspace       used 92258K, capacity 96388K, committed 96640K, reserved 1134592K
  class space    used 11600K, capacity 12359K, committed 12416K, reserved 1048576K
Event: 559.377 GC heap after
Heap after GC invocations=61 (full 10):
 PSYoungGen      total 408576K, used 115702K [0x00000000e0000000, 0x0000000100000000, 0x0000000100000000)
  eden space 292864K, 0% used [0x00000000e0000000,0x00000000e0000000,0x00000000f1e00000)
  from space 115712K, 99% used [0x00000000f1e00000,0x00000000f8efda98,0x00000000f8f00000)
  to   space 115712K, 0% used [0x00000000f8f00000,0x00000000f8f00000,0x0000000100000000)
 ParOldGen       total 412160K, used 302744K [0x00000000a0000000, 0x00000000b9280000, 0x00000000e0000000)
  object space 412160K, 73% used [0x00000000a0000000,0x00000000b27a6358,0x00000000b9280000)
 Metaspace       used 92258K, capacity 96388K, committed 96640K, reserved 1134592K
  class space    used 11600K, capacity 12359K, committed 12416K, reserved 1048576K
}
Event: 559.749 GC heap before
{Heap before GC invocations=62 (full 10):
 PSYoungGen      total 408576K, used 408566K [0x00000000e0000000, 0x0000000100000000, 0x0000000100000000)
  eden space 292864K, 100% used [0x00000000e0000000,0x00000000f1e00000,0x00000000f1e00000)
  from space 115712K, 99% used [0x00000000f1e00000,0x00000000f8efda98,0x00000000f8f00000)
  to   space 115712K, 0% used [0x00000000f8f00000,0x00000000f8f00000,0x0000000100000000)
 ParOldGen       total 412160K, used 302744K [0x00000000a0000000, 0x00000000b9280000, 0x00000000e0000000)
  object space 412160K, 73% used [0x00000000a0000000,0x00000000b27a6358,0x00000000b9280000)
 Metaspace       used 92273K, capacity 96388K, committed 96640K, reserved 1134592K
  class space    used 11601K, capacity 12359K, committed 12416K, reserved 1048576K
Event: 559.817 GC heap after
Heap after GC invocations=62 (full 10):
 PSYoungGen      total 334848K, used 110785K [0x00000000e0000000, 0x0000000100000000, 0x0000000100000000)
  eden space 219136K, 0% used [0x00000000e0000000,0x00000000e0000000,0x00000000ed600000)
  from space 115712K, 95% used [0x00000000f8f00000,0x00000000ffb30598,0x0000000100000000)
  to   space 152576K, 0% used [0x00000000ed600000,0x00000000ed600000,0x00000000f6b00000)
 ParOldGen       total 412160K, used 302744K [0x00000000a0000000, 0x00000000b9280000, 0x00000000e0000000)
  object space 412160K, 73% used [0x00000000a0000000,0x00000000b27a6358,0x00000000b9280000)
 Metaspace       used 92273K, capacity 96388K, committed 96640K, reserved 1134592K
  class space    used 11601K, capacity 12359K, committed 12416K, reserved 1048576K
}
Event: 560.153 GC heap before
{Heap before GC invocations=63 (full 10):
 PSYoungGen      total 334848K, used 329921K [0x00000000e0000000, 0x0000000100000000, 0x0000000100000000)
  eden space 219136K, 100% used [0x00000000e0000000,0x00000000ed600000,0x00000000ed600000)
  from space 115712K, 95% used [0x00000000f8f00000,0x00000000ffb30598,0x0000000100000000)
  to   space 152576K, 0% used [0x00000000ed600000,0x00000000ed600000,0x00000000f6b00000)
 ParOldGen       total 412160K, used 302744K [0x00000000a0000000, 0x00000000b9280000, 0x00000000e0000000)
  object space 412160K, 73% used [0x00000000a0000000,0x00000000b27a6358,0x00000000b9280000)
 Metaspace       used 92275K, capacity 96388K, committed 96640K, reserved 1134592K
  class space    used 11601K, capacity 12359K, committed 12416K, reserved 1048576K
Event: 560.365 GC heap after
Heap after GC invocations=63 (full 10):
 PSYoungGen      total 371712K, used 32822K [0x00000000e0000000, 0x0000000100000000, 0x0000000100000000)
  eden space 219136K, 0% used [0x00000000e0000000,0x00000000e0000000,0x00000000ed600000)
  from space 152576K, 21% used [0x00000000ed600000,0x00000000ef60d9f0,0x00000000f6b00000)
  to   space 146432K, 0% used [0x00000000f7100000,0x00000000f7100000,0x0000000100000000)
 ParOldGen       total 412160K, used 377961K [0x00000000a0000000, 0x00000000b9280000, 0x00000000e0000000)
  object space 412160K, 91% used [0x00000000a0000000,0x00000000b711a600,0x00000000b9280000)
 Metaspace       used 92275K, capacity 96388K, committed 96640K, reserved 1134592K
  class space    used 11601K, capacity 12359K, committed 12416K, reserved 1048576K
}
Event: 560.376 GC heap before
{Heap before GC invocations=64 (full 11):
 PSYoungGen      total 371712K, used 32822K [0x00000000e0000000, 0x0000000100000000, 0x0000000100000000)
  eden space 219136K, 0% used [0x00000000e0000000,0x00000000e0000000,0x00000000ed600000)
  from space 152576K, 21% used [0x00000000ed600000,0x00000000ef60d9f0,0x00000000f6b00000)
  to   space 146432K, 0% used [0x00000000f7100000,0x00000000f7100000,0x0000000100000000)
 ParOldGen       total 412160K, used 377961K [0x00000000a0000000, 0x00000000b9280000, 0x00000000e0000000)
  object space 412160K, 91% used [0x00000000a0000000,0x00000000b711a600,0x00000000b9280000)
 Metaspace       used 92275K, capacity 96388K, committed 96640K, reserved 1134592K
  class space    used 11601K, capacity 12359K, committed 12416K, reserved 1048576K

