# JRE version: OpenJDK Runtime Environment (8.0_76-b03) (build 1.8.0_76-release-b03)
# Java VM: OpenJDK 64-Bit Server VM (25.76-b03 mixed mode linux-amd64 compressed oops)
Heap:
 PSYoungGen      total 422912K, used 0K [0x00000000e0000000, 0x0000000100000000, 0x0000000100000000)
  eden space 331264K, 0% used [0x00000000e0000000,0x00000000e0000000,0x00000000f4380000)
  from space 91648K, 0% used [0x00000000f4380000,0x00000000f4380000,0x00000000f9d00000)
  to   space 90112K, 0% used [0x00000000fa800000,0x00000000fa800000,0x0000000100000000)
 ParOldGen       total 326656K, used 309714K [0x00000000a0000000, 0x00000000b3f00000, 0x00000000e0000000)
  object space 326656K, 94% used [0x00000000a0000000,0x00000000b2e74838,0x00000000b3f00000)
 Metaspace       used 81308K, capacity 83718K, committed 83840K, reserved 1122304K
  class space    used 10086K, capacity 10591K, committed 10624K, reserved 1048576K
GC Heap History (10 events):
Event: 238.444 GC heap after
Heap after GC invocations=29 (full 5):
 PSYoungGen      total 413696K, used 62039K [0x00000000e0000000, 0x0000000100000000, 0x0000000100000000)
  eden space 326656K, 0% used [0x00000000e0000000,0x00000000e0000000,0x00000000f3f00000)
  from space 87040K, 71% used [0x00000000fab00000,0x00000000fe795e88,0x0000000100000000)
  to   space 98816K, 0% used [0x00000000f3f00000,0x00000000f3f00000,0x00000000f9f80000)
 ParOldGen       total 226304K, used 223179K [0x00000000a0000000, 0x00000000add00000, 0x00000000e0000000)
  object space 226304K, 98% used [0x00000000a0000000,0x00000000ad9f2eb0,0x00000000add00000)
 Metaspace       used 80761K, capacity 83164K, committed 83328K, reserved 1122304K
  class space    used 10086K, capacity 10596K, committed 10624K, reserved 1048576K
}
Event: 238.450 GC heap before
{Heap before GC invocations=30 (full 6):
 PSYoungGen      total 413696K, used 62039K [0x00000000e0000000, 0x0000000100000000, 0x0000000100000000)
  eden space 326656K, 0% used [0x00000000e0000000,0x00000000e0000000,0x00000000f3f00000)
  from space 87040K, 71% used [0x00000000fab00000,0x00000000fe795e88,0x0000000100000000)
  to   space 98816K, 0% used [0x00000000f3f00000,0x00000000f3f00000,0x00000000f9f80000)
 ParOldGen       total 226304K, used 223179K [0x00000000a0000000, 0x00000000add00000, 0x00000000e0000000)
  object space 226304K, 98% used [0x00000000a0000000,0x00000000ad9f2eb0,0x00000000add00000)
 Metaspace       used 80761K, capacity 83164K, committed 83328K, reserved 1122304K
  class space    used 10086K, capacity 10596K, committed 10624K, reserved 1048576K
Event: 239.234 GC heap after
Heap after GC invocations=30 (full 6):
 PSYoungGen      total 413696K, used 42898K [0x00000000e0000000, 0x0000000100000000, 0x0000000100000000)
  eden space 326656K, 0% used [0x00000000e0000000,0x00000000e0000000,0x00000000f3f00000)
  from space 87040K, 49% used [0x00000000fab00000,0x00000000fd4e4880,0x0000000100000000)
  to   space 98816K, 0% used [0x00000000f3f00000,0x00000000f3f00000,0x00000000f9f80000)
 ParOldGen       total 326656K, used 225991K [0x00000000a0000000, 0x00000000b3f00000, 0x00000000e0000000)
  object space 326656K, 69% used [0x00000000a0000000,0x00000000adcb1e40,0x00000000b3f00000)
 Metaspace       used 80753K, capacity 83142K, committed 83328K, reserved 1122304K
  class space    used 10084K, capacity 10591K, committed 10624K, reserved 1048576K
}
Event: 242.032 GC heap before
{Heap before GC invocations=31 (full 6):
 PSYoungGen      total 413696K, used 369554K [0x00000000e0000000, 0x0000000100000000, 0x0000000100000000)
  eden space 326656K, 100% used [0x00000000e0000000,0x00000000f3f00000,0x00000000f3f00000)
  from space 87040K, 49% used [0x00000000fab00000,0x00000000fd4e4880,0x0000000100000000)
  to   space 98816K, 0% used [0x00000000f3f00000,0x00000000f3f00000,0x00000000f9f80000)
 ParOldGen       total 326656K, used 225991K [0x00000000a0000000, 0x00000000b3f00000, 0x00000000e0000000)
  object space 326656K, 69% used [0x00000000a0000000,0x00000000adcb1e40,0x00000000b3f00000)
 Metaspace       used 81190K, capacity 83654K, committed 83840K, reserved 1122304K
  class space    used 10086K, capacity 10591K, committed 10624K, reserved 1048576K
Event: 242.089 GC heap after
Heap after GC invocations=31 (full 6):
 PSYoungGen      total 425472K, used 24960K [0x00000000e0000000, 0x0000000100000000, 0x0000000100000000)
  eden space 326656K, 0% used [0x00000000e0000000,0x00000000e0000000,0x00000000f3f00000)
  from space 98816K, 25% used [0x00000000f3f00000,0x00000000f57600c8,0x00000000f9f80000)
  to   space 94208K, 0% used [0x00000000fa400000,0x00000000fa400000,0x0000000100000000)
 ParOldGen       total 326656K, used 232804K [0x00000000a0000000, 0x00000000b3f00000, 0x00000000e0000000)
  object space 326656K, 71% used [0x00000000a0000000,0x00000000ae359200,0x00000000b3f00000)
 Metaspace       used 81190K, capacity 83654K, committed 83840K, reserved 1122304K
  class space    used 10086K, capacity 10591K, committed 10624K, reserved 1048576K
}
Event: 242.541 GC heap before
{Heap before GC invocations=32 (full 6):
 PSYoungGen      total 425472K, used 351616K [0x00000000e0000000, 0x0000000100000000, 0x0000000100000000)
  eden space 326656K, 100% used [0x00000000e0000000,0x00000000f3f00000,0x00000000f3f00000)
  from space 98816K, 25% used [0x00000000f3f00000,0x00000000f57600c8,0x00000000f9f80000)
  to   space 94208K, 0% used [0x00000000fa400000,0x00000000fa400000,0x0000000100000000)
 ParOldGen       total 326656K, used 232804K [0x00000000a0000000, 0x00000000b3f00000, 0x00000000e0000000)
  object space 326656K, 71% used [0x00000000a0000000,0x00000000ae359200,0x00000000b3f00000)
 Metaspace       used 81272K, capacity 83718K, committed 83840K, reserved 1122304K
  class space    used 10086K, capacity 10591K, committed 10624K, reserved 1048576K
Event: 242.581 GC heap after
Heap after GC invocations=32 (full 6):
 PSYoungGen      total 415744K, used 42459K [0x00000000e0000000, 0x00000000ff680000, 0x0000000100000000)
  eden space 331264K, 0% used [0x00000000e0000000,0x00000000e0000000,0x00000000f4380000)
  from space 84480K, 50% used [0x00000000fa400000,0x00000000fcd76cc8,0x00000000ff680000)
  to   space 91648K, 0% used [0x00000000f4380000,0x00000000f4380000,0x00000000f9d00000)
 ParOldGen       total 326656K, used 252265K [0x00000000a0000000, 0x00000000b3f00000, 0x00000000e0000000)
  object space 326656K, 77% used [0x00000000a0000000,0x00000000af65a6e0,0x00000000b3f00000)
 Metaspace       used 81272K, capacity 83718K, committed 83840K, reserved 1122304K
  class space    used 10086K, capacity 10591K, committed 10624K, reserved 1048576K
}
Event: 242.997 GC heap before
{Heap before GC invocations=33 (full 6):
 PSYoungGen      total 415744K, used 373723K [0x00000000e0000000, 0x00000000ff680000, 0x0000000100000000)
  eden space 331264K, 100% used [0x00000000e0000000,0x00000000f4380000,0x00000000f4380000)
  from space 84480K, 50% used [0x00000000fa400000,0x00000000fcd76cc8,0x00000000ff680000)
  to   space 91648K, 0% used [0x00000000f4380000,0x00000000f4380000,0x00000000f9d00000)
 ParOldGen       total 326656K, used 252265K [0x00000000a0000000, 0x00000000b3f00000, 0x00000000e0000000)
  object space 326656K, 77% used [0x00000000a0000000,0x00000000af65a6e0,0x00000000b3f00000)
 Metaspace       used 81308K, capacity 83718K, committed 83840K, reserved 1122304K
  class space    used 10086K, capacity 10591K, committed 10624K, reserved 1048576K
Event: 243.060 GC heap after
Heap after GC invocations=33 (full 6):
 PSYoungGen      total 422912K, used 46248K [0x00000000e0000000, 0x0000000100000000, 0x0000000100000000)
  eden space 331264K, 0% used [0x00000000e0000000,0x00000000e0000000,0x00000000f4380000)
  from space 91648K, 50% used [0x00000000f4380000,0x00000000f70aa2c8,0x00000000f9d00000)
  to   space 90112K, 0% used [0x00000000fa800000,0x00000000fa800000,0x0000000100000000)
 ParOldGen       total 326656K, used 289232K [0x00000000a0000000, 0x00000000b3f00000, 0x00000000e0000000)
  object space 326656K, 88% used [0x00000000a0000000,0x00000000b1a742b0,0x00000000b3f00000)
 Metaspace       used 81308K, capacity 83718K, committed 83840K, reserved 1122304K
  class space    used 10086K, capacity 10591K, committed 10624K, reserved 1048576K
}
Event: 243.060 GC heap before
{Heap before GC invocations=34 (full 7):
 PSYoungGen      total 422912K, used 46248K [0x00000000e0000000, 0x0000000100000000, 0x0000000100000000)
  eden space 331264K, 0% used [0x00000000e0000000,0x00000000e0000000,0x00000000f4380000)
  from space 91648K, 50% used [0x00000000f4380000,0x00000000f70aa2c8,0x00000000f9d00000)
  to   space 90112K, 0% used [0x00000000fa800000,0x00000000fa800000,0x0000000100000000)
 ParOldGen       total 326656K, used 289232K [0x00000000a0000000, 0x00000000b3f00000, 0x00000000e0000000)
  object space 326656K, 88% used [0x00000000a0000000,0x00000000b1a742b0,0x00000000b3f00000)
 Metaspace       used 81308K, capacity 83718K, committed 83840K, reserved 1122304K
  class space    used 10086K, capacity 10591K, committed 10624K, reserved 1048576K

