# JRE version: OpenJDK Runtime Environment (8.0_76-b03) (build 1.8.0_76-release-b03)
# Java VM: OpenJDK 64-Bit Server VM (25.76-b03 mixed mode linux-amd64 compressed oops)
Heap:
 PSYoungGen      total 372224K, used 15245K [0x00000000e0000000, 0x00000000ff200000, 0x0000000100000000)
  eden space 236544K, 6% used [0x00000000e0000000,0x00000000e0ee3668,0x00000000ee700000)
  from space 135680K, 0% used [0x00000000f6d80000,0x00000000f6d80000,0x00000000ff200000)
  to   space 136704K, 0% used [0x00000000ee700000,0x00000000ee700000,0x00000000f6c80000)
 ParOldGen       total 417280K, used 417222K [0x00000000a0000000, 0x00000000b9780000, 0x00000000e0000000)
  object space 417280K, 99% used [0x00000000a0000000,0x00000000b9771bb8,0x00000000b9780000)
 Metaspace       used 96379K, capacity 100646K, committed 100736K, reserved 1136640K
  class space    used 12119K, capacity 12912K, committed 12928K, reserved 1048576K
GC Heap History (10 events):
Event: 670.557 GC heap after
Heap after GC invocations=47 (full 7):
 PSYoungGen      total 380928K, used 73455K [0x00000000e0000000, 0x0000000100000000, 0x0000000100000000)
  eden space 236544K, 0% used [0x00000000e0000000,0x00000000e0000000,0x00000000ee700000)
  from space 144384K, 50% used [0x00000000f7300000,0x00000000fbabbe28,0x0000000100000000)
  to   space 143360K, 0% used [0x00000000ee700000,0x00000000ee700000,0x00000000f7300000)
 ParOldGen       total 417280K, used 347398K [0x00000000a0000000, 0x00000000b9780000, 0x00000000e0000000)
  object space 417280K, 83% used [0x00000000a0000000,0x00000000b5341a40,0x00000000b9780000)
 Metaspace       used 91211K, capacity 95012K, committed 95232K, reserved 1132544K
  class space    used 11503K, capacity 12259K, committed 12288K, reserved 1048576K
}
Event: 670.557 GC heap before
{Heap before GC invocations=48 (full 8):
 PSYoungGen      total 380928K, used 73455K [0x00000000e0000000, 0x0000000100000000, 0x0000000100000000)
  eden space 236544K, 0% used [0x00000000e0000000,0x00000000e0000000,0x00000000ee700000)
  from space 144384K, 50% used [0x00000000f7300000,0x00000000fbabbe28,0x0000000100000000)
  to   space 143360K, 0% used [0x00000000ee700000,0x00000000ee700000,0x00000000f7300000)
 ParOldGen       total 417280K, used 347398K [0x00000000a0000000, 0x00000000b9780000, 0x00000000e0000000)
  object space 417280K, 83% used [0x00000000a0000000,0x00000000b5341a40,0x00000000b9780000)
 Metaspace       used 91211K, capacity 95012K, committed 95232K, reserved 1132544K
  class space    used 11503K, capacity 12259K, committed 12288K, reserved 1048576K
Event: 671.265 GC heap after
Heap after GC invocations=48 (full 8):
 PSYoungGen      total 380928K, used 0K [0x00000000e0000000, 0x0000000100000000, 0x0000000100000000)
  eden space 236544K, 0% used [0x00000000e0000000,0x00000000e0000000,0x00000000ee700000)
  from space 144384K, 0% used [0x00000000f7300000,0x00000000f7300000,0x0000000100000000)
  to   space 143360K, 0% used [0x00000000ee700000,0x00000000ee700000,0x00000000f7300000)
 ParOldGen       total 417280K, used 328752K [0x00000000a0000000, 0x00000000b9780000, 0x00000000e0000000)
  object space 417280K, 78% used [0x00000000a0000000,0x00000000b410c0d8,0x00000000b9780000)
 Metaspace       used 91211K, capacity 95012K, committed 95232K, reserved 1132544K
  class space    used 11503K, capacity 12259K, committed 12288K, reserved 1048576K
}
Event: 1145.500 GC heap before
{Heap before GC invocations=49 (full 8):
 PSYoungGen      total 380928K, used 236544K [0x00000000e0000000, 0x0000000100000000, 0x0000000100000000)
  eden space 236544K, 100% used [0x00000000e0000000,0x00000000ee700000,0x00000000ee700000)
  from space 144384K, 0% used [0x00000000f7300000,0x00000000f7300000,0x0000000100000000)
  to   space 143360K, 0% used [0x00000000ee700000,0x00000000ee700000,0x00000000f7300000)
 ParOldGen       total 417280K, used 328752K [0x00000000a0000000, 0x00000000b9780000, 0x00000000e0000000)
  object space 417280K, 78% used [0x00000000a0000000,0x00000000b410c0d8,0x00000000b9780000)
 Metaspace       used 93670K, capacity 97618K, committed 97792K, reserved 1134592K
  class space    used 11731K, capacity 12514K, committed 12544K, reserved 1048576K
Event: 1145.550 GC heap after
Heap after GC invocations=49 (full 8):
 PSYoungGen      total 299520K, used 62464K [0x00000000e0000000, 0x00000000ff400000, 0x0000000100000000)
  eden space 236544K, 0% used [0x00000000e0000000,0x00000000e0000000,0x00000000ee700000)
  from space 62976K, 99% used [0x00000000ee700000,0x00000000f2400198,0x00000000f2480000)
  to   space 137728K, 0% used [0x00000000f6d80000,0x00000000f6d80000,0x00000000ff400000)
 ParOldGen       total 417280K, used 328760K [0x00000000a0000000, 0x00000000b9780000, 0x00000000e0000000)
  object space 417280K, 78% used [0x00000000a0000000,0x00000000b410e0d8,0x00000000b9780000)
 Metaspace       used 93670K, capacity 97618K, committed 97792K, reserved 1134592K
  class space    used 11731K, capacity 12514K, committed 12544K, reserved 1048576K
}
Event: 1149.536 GC heap before
{Heap before GC invocations=50 (full 8):
 PSYoungGen      total 299520K, used 219808K [0x00000000e0000000, 0x00000000ff400000, 0x0000000100000000)
  eden space 236544K, 66% used [0x00000000e0000000,0x00000000e99a7fe0,0x00000000ee700000)
  from space 62976K, 99% used [0x00000000ee700000,0x00000000f2400198,0x00000000f2480000)
  to   space 137728K, 0% used [0x00000000f6d80000,0x00000000f6d80000,0x00000000ff400000)
 ParOldGen       total 417280K, used 328760K [0x00000000a0000000, 0x00000000b9780000, 0x00000000e0000000)
  object space 417280K, 78% used [0x00000000a0000000,0x00000000b410e0d8,0x00000000b9780000)
 Metaspace       used 95658K, capacity 99752K, committed 99968K, reserved 1136640K
  class space    used 12042K, capacity 12815K, committed 12928K, reserved 1048576K
Event: 1149.621 GC heap after
Heap after GC invocations=50 (full 8):
 PSYoungGen      total 372224K, used 74662K [0x00000000e0000000, 0x00000000ff200000, 0x0000000100000000)
  eden space 236544K, 0% used [0x00000000e0000000,0x00000000e0000000,0x00000000ee700000)
  from space 135680K, 55% used [0x00000000f6d80000,0x00000000fb669958,0x00000000ff200000)
  to   space 136704K, 0% used [0x00000000ee700000,0x00000000ee700000,0x00000000f6c80000)
 ParOldGen       total 417280K, used 328768K [0x00000000a0000000, 0x00000000b9780000, 0x00000000e0000000)
  object space 417280K, 78% used [0x00000000a0000000,0x00000000b41100d8,0x00000000b9780000)
 Metaspace       used 95658K, capacity 99752K, committed 99968K, reserved 1136640K
  class space    used 12042K, capacity 12815K, committed 12928K, reserved 1048576K
}
Event: 1149.621 GC heap before
{Heap before GC invocations=51 (full 9):
 PSYoungGen      total 372224K, used 74662K [0x00000000e0000000, 0x00000000ff200000, 0x0000000100000000)
  eden space 236544K, 0% used [0x00000000e0000000,0x00000000e0000000,0x00000000ee700000)
  from space 135680K, 55% used [0x00000000f6d80000,0x00000000fb669958,0x00000000ff200000)
  to   space 136704K, 0% used [0x00000000ee700000,0x00000000ee700000,0x00000000f6c80000)
 ParOldGen       total 417280K, used 328768K [0x00000000a0000000, 0x00000000b9780000, 0x00000000e0000000)
  object space 417280K, 78% used [0x00000000a0000000,0x00000000b41100d8,0x00000000b9780000)
 Metaspace       used 95658K, capacity 99752K, committed 99968K, reserved 1136640K
  class space    used 12042K, capacity 12815K, committed 12928K, reserved 1048576K
Event: 1150.246 GC heap after
Heap after GC invocations=51 (full 9):
 PSYoungGen      total 372224K, used 0K [0x00000000e0000000, 0x00000000ff200000, 0x0000000100000000)
  eden space 236544K, 0% used [0x00000000e0000000,0x00000000e0000000,0x00000000ee700000)
  from space 135680K, 0% used [0x00000000f6d80000,0x00000000f6d80000,0x00000000ff200000)
  to   space 136704K, 0% used [0x00000000ee700000,0x00000000ee700000,0x00000000f6c80000)
 ParOldGen       total 417280K, used 397378K [0x00000000a0000000, 0x00000000b9780000, 0x00000000e0000000)
  object space 417280K, 95% used [0x00000000a0000000,0x00000000b8410870,0x00000000b9780000)
 Metaspace       used 95658K, capacity 99752K, committed 99968K, reserved 1136640K
  class space    used 12042K, capacity 12815K, committed 12928K, reserved 1048576K
}
Event: 1264.643 GC heap before
{Heap before GC invocations=52 (full 10):
 PSYoungGen      total 372224K, used 236544K [0x00000000e0000000, 0x00000000ff200000, 0x0000000100000000)
  eden space 236544K, 100% used [0x00000000e0000000,0x00000000ee700000,0x00000000ee700000)
  from space 135680K, 0% used [0x00000000f6d80000,0x00000000f6d80000,0x00000000ff200000)
  to   space 136704K, 0% used [0x00000000ee700000,0x00000000ee700000,0x00000000f6c80000)
 ParOldGen       total 417280K, used 397378K [0x00000000a0000000, 0x00000000b9780000, 0x00000000e0000000)
  object space 417280K, 95% used [0x00000000a0000000,0x00000000b8410870,0x00000000b9780000)
 Metaspace       used 96379K, capacity 100646K, committed 100736K, reserved 1136640K
  class space    used 12119K, capacity 12912K, committed 12928K, reserved 1048576K

