# JRE version: OpenJDK Runtime Environment (8.0_76-b03) (build 1.8.0_76-release-b03)
# Java VM: OpenJDK 64-Bit Server VM (25.76-b03 mixed mode linux-amd64 compressed oops)
Heap:
 PSYoungGen      total 437760K, used 18681K [0x00000000e0000000, 0x0000000100000000, 0x0000000100000000)
  eden space 351232K, 0% used [0x00000000e0000000,0x00000000e0000000,0x00000000f5700000)
  from space 86528K, 21% used [0x00000000f5700000,0x00000000f693e788,0x00000000fab80000)
  to   space 86528K, 0% used [0x00000000fab80000,0x00000000fab80000,0x0000000100000000)
 ParOldGen       total 368640K, used 368407K [0x00000000a0000000, 0x00000000b6800000, 0x00000000e0000000)
  object space 368640K, 99% used [0x00000000a0000000,0x00000000b67c5c30,0x00000000b6800000)
 Metaspace       used 95555K, capacity 99620K, committed 99968K, reserved 1136640K
  class space    used 12001K, capacity 12831K, committed 12928K, reserved 1048576K
GC Heap History (10 events):
Event: 568.811 GC heap after
Heap after GC invocations=60 (full 8):
 PSYoungGen      total 437760K, used 27505K [0x00000000e0000000, 0x00000000fee80000, 0x0000000100000000)
  eden space 375296K, 0% used [0x00000000e0000000,0x00000000e0000000,0x00000000f6e80000)
  from space 62464K, 44% used [0x00000000fb180000,0x00000000fcc5c740,0x00000000fee80000)
  to   space 65536K, 0% used [0x00000000f6e80000,0x00000000f6e80000,0x00000000fae80000)
 ParOldGen       total 368640K, used 327421K [0x00000000a0000000, 0x00000000b6800000, 0x00000000e0000000)
  object space 368640K, 88% used [0x00000000a0000000,0x00000000b3fbf538,0x00000000b6800000)
 Metaspace       used 86918K, capacity 90632K, committed 90880K, reserved 1128448K
  class space    used 10982K, capacity 11751K, committed 11776K, reserved 1048576K
}
Event: 568.811 GC heap before
{Heap before GC invocations=61 (full 9):
 PSYoungGen      total 437760K, used 27505K [0x00000000e0000000, 0x00000000fee80000, 0x0000000100000000)
  eden space 375296K, 0% used [0x00000000e0000000,0x00000000e0000000,0x00000000f6e80000)
  from space 62464K, 44% used [0x00000000fb180000,0x00000000fcc5c740,0x00000000fee80000)
  to   space 65536K, 0% used [0x00000000f6e80000,0x00000000f6e80000,0x00000000fae80000)
 ParOldGen       total 368640K, used 327421K [0x00000000a0000000, 0x00000000b6800000, 0x00000000e0000000)
  object space 368640K, 88% used [0x00000000a0000000,0x00000000b3fbf538,0x00000000b6800000)
 Metaspace       used 86918K, capacity 90632K, committed 90880K, reserved 1128448K
  class space    used 10982K, capacity 11751K, committed 11776K, reserved 1048576K
Event: 569.544 GC heap after
Heap after GC invocations=61 (full 9):
 PSYoungGen      total 437760K, used 0K [0x00000000e0000000, 0x00000000fee80000, 0x0000000100000000)
  eden space 375296K, 0% used [0x00000000e0000000,0x00000000e0000000,0x00000000f6e80000)
  from space 62464K, 0% used [0x00000000fb180000,0x00000000fb180000,0x00000000fee80000)
  to   space 65536K, 0% used [0x00000000f6e80000,0x00000000f6e80000,0x00000000fae80000)
 ParOldGen       total 368640K, used 279957K [0x00000000a0000000, 0x00000000b6800000, 0x00000000e0000000)
  object space 368640K, 75% used [0x00000000a0000000,0x00000000b1165658,0x00000000b6800000)
 Metaspace       used 86908K, capacity 90608K, committed 90880K, reserved 1128448K
  class space    used 10979K, capacity 11745K, committed 11776K, reserved 1048576K
}
Event: 612.177 GC heap before
{Heap before GC invocations=62 (full 9):
 PSYoungGen      total 437760K, used 375296K [0x00000000e0000000, 0x00000000fee80000, 0x0000000100000000)
  eden space 375296K, 100% used [0x00000000e0000000,0x00000000f6e80000,0x00000000f6e80000)
  from space 62464K, 0% used [0x00000000fb180000,0x00000000fb180000,0x00000000fee80000)
  to   space 65536K, 0% used [0x00000000f6e80000,0x00000000f6e80000,0x00000000fae80000)
 ParOldGen       total 368640K, used 279957K [0x00000000a0000000, 0x00000000b6800000, 0x00000000e0000000)
  object space 368640K, 75% used [0x00000000a0000000,0x00000000b1165658,0x00000000b6800000)
 Metaspace       used 87198K, capacity 90948K, committed 91136K, reserved 1128448K
  class space    used 10992K, capacity 11763K, committed 11776K, reserved 1048576K
Event: 612.359 GC heap after
Heap after GC invocations=62 (full 9):
 PSYoungGen      total 440832K, used 10112K [0x00000000e0000000, 0x0000000100000000, 0x0000000100000000)
  eden space 375296K, 0% used [0x00000000e0000000,0x00000000e0000000,0x00000000f6e80000)
  from space 65536K, 15% used [0x00000000f6e80000,0x00000000f7860010,0x00000000fae80000)
  to   space 64000K, 0% used [0x00000000fc180000,0x00000000fc180000,0x0000000100000000)
 ParOldGen       total 368640K, used 279965K [0x00000000a0000000, 0x00000000b6800000, 0x00000000e0000000)
  object space 368640K, 75% used [0x00000000a0000000,0x00000000b1167658,0x00000000b6800000)
 Metaspace       used 87198K, capacity 90948K, committed 91136K, reserved 1128448K
  class space    used 10992K, capacity 11763K, committed 11776K, reserved 1048576K
}
Event: 623.425 GC heap before
{Heap before GC invocations=63 (full 9):
 PSYoungGen      total 440832K, used 385408K [0x00000000e0000000, 0x0000000100000000, 0x0000000100000000)
  eden space 375296K, 100% used [0x00000000e0000000,0x00000000f6e80000,0x00000000f6e80000)
  from space 65536K, 15% used [0x00000000f6e80000,0x00000000f7860010,0x00000000fae80000)
  to   space 64000K, 0% used [0x00000000fc180000,0x00000000fc180000,0x0000000100000000)
 ParOldGen       total 368640K, used 279965K [0x00000000a0000000, 0x00000000b6800000, 0x00000000e0000000)
  object space 368640K, 75% used [0x00000000a0000000,0x00000000b1167658,0x00000000b6800000)
 Metaspace       used 91201K, capacity 95032K, committed 95232K, reserved 1132544K
  class space    used 11480K, capacity 12261K, committed 12288K, reserved 1048576K
Event: 623.483 GC heap after
Heap after GC invocations=63 (full 9):
 PSYoungGen      total 415232K, used 63999K [0x00000000e0000000, 0x0000000100000000, 0x0000000100000000)
  eden space 351232K, 0% used [0x00000000e0000000,0x00000000e0000000,0x00000000f5700000)
  from space 64000K, 99% used [0x00000000fc180000,0x00000000fffffe08,0x0000000100000000)
  to   space 86528K, 0% used [0x00000000f5700000,0x00000000f5700000,0x00000000fab80000)
 ParOldGen       total 368640K, used 311323K [0x00000000a0000000, 0x00000000b6800000, 0x00000000e0000000)
  object space 368640K, 84% used [0x00000000a0000000,0x00000000b3006e40,0x00000000b6800000)
 Metaspace       used 91201K, capacity 95032K, committed 95232K, reserved 1132544K
  class space    used 11480K, capacity 12261K, committed 12288K, reserved 1048576K
}
Event: 669.800 GC heap before
{Heap before GC invocations=64 (full 9):
 PSYoungGen      total 415232K, used 415231K [0x00000000e0000000, 0x0000000100000000, 0x0000000100000000)
  eden space 351232K, 100% used [0x00000000e0000000,0x00000000f5700000,0x00000000f5700000)
  from space 64000K, 99% used [0x00000000fc180000,0x00000000fffffe08,0x0000000100000000)
  to   space 86528K, 0% used [0x00000000f5700000,0x00000000f5700000,0x00000000fab80000)
 ParOldGen       total 368640K, used 311323K [0x00000000a0000000, 0x00000000b6800000, 0x00000000e0000000)
  object space 368640K, 84% used [0x00000000a0000000,0x00000000b3006e40,0x00000000b6800000)
 Metaspace       used 95655K, capacity 99804K, committed 99968K, reserved 1136640K
  class space    used 12013K, capacity 12871K, committed 12928K, reserved 1048576K
Event: 671.099 GC heap after
Heap after GC invocations=64 (full 9):
 PSYoungGen      total 437760K, used 86506K [0x00000000e0000000, 0x0000000100000000, 0x0000000100000000)
  eden space 351232K, 0% used [0x00000000e0000000,0x00000000e0000000,0x00000000f5700000)
  from space 86528K, 99% used [0x00000000f5700000,0x00000000fab7ab70,0x00000000fab80000)
  to   space 86528K, 0% used [0x00000000fab80000,0x00000000fab80000,0x0000000100000000)
 ParOldGen       total 368640K, used 357978K [0x00000000a0000000, 0x00000000b6800000, 0x00000000e0000000)
  object space 368640K, 97% used [0x00000000a0000000,0x00000000b5d96878,0x00000000b6800000)
 Metaspace       used 95655K, capacity 99804K, committed 99968K, reserved 1136640K
  class space    used 12013K, capacity 12871K, committed 12928K, reserved 1048576K
}
Event: 671.157 GC heap before
{Heap before GC invocations=65 (full 10):
 PSYoungGen      total 437760K, used 86506K [0x00000000e0000000, 0x0000000100000000, 0x0000000100000000)
  eden space 351232K, 0% used [0x00000000e0000000,0x00000000e0000000,0x00000000f5700000)
  from space 86528K, 99% used [0x00000000f5700000,0x00000000fab7ab70,0x00000000fab80000)
  to   space 86528K, 0% used [0x00000000fab80000,0x00000000fab80000,0x0000000100000000)
 ParOldGen       total 368640K, used 357978K [0x00000000a0000000, 0x00000000b6800000, 0x00000000e0000000)
  object space 368640K, 97% used [0x00000000a0000000,0x00000000b5d96878,0x00000000b6800000)
 Metaspace       used 95655K, capacity 99804K, committed 99968K, reserved 1136640K
  class space    used 12013K, capacity 12871K, committed 12928K, reserved 1048576K

